CRITICAL - 2025-04-30 02:02:36 --> ErrorException: Undefined variable $title
[Method: GET, Route: belajar]
in APPPATH\Views\belajar.php on line 10.
 1 APPPATH\Views\belajar.php(10): CodeIgniter\Debug\Exceptions->errorHandler(2, 'Undefined variable $title', 'C:\\laragon\\www\\ci-web\\app\\Views\\belajar.php', 10)
 2 SYSTEMPATH\View\View.php(224): include('C:\\laragon\\www\\ci-web\\app\\Views\\belajar.php')
 3 SYSTEMPATH\View\View.php(227): CodeIgniter\View\View->CodeIgniter\View\{closure}()
 4 SYSTEMPATH\Common.php(1173): CodeIgniter\View\View->render('belajar', [], true)
 5 APPPATH\Controllers\Belajar.php(9): view('belajar')
 6 SYSTEMPATH\CodeIgniter.php(933): App\Controllers\Belajar->index()
 7 SYSTEMPATH\CodeIgniter.php(507): CodeIgniter\CodeIgniter->runController(Object(App\Controllers\Belajar))
 8 SYSTEMPATH\CodeIgniter.php(354): CodeIgniter\CodeIgniter->handleRequest(null, Object(Config\Cache), false)
 9 SYSTEMPATH\Boot.php(334): CodeIgniter\CodeIgniter->run()
10 SYSTEMPATH\Boot.php(67): CodeIgniter\Boot::runCodeIgniter(Object(CodeIgniter\CodeIgniter))
11 FCPATH\index.php(56): CodeIgniter\Boot::bootWeb(Object(Config\Paths))
CRITICAL - 2025-04-30 02:03:13 --> Error: Undefined constant "undefined"
[Method: GET, Route: belajar]
in APPPATH\Views\belajar.php on line 10.
 1 SYSTEMPATH\View\View.php(224): include()
 2 SYSTEMPATH\View\View.php(227): CodeIgniter\View\View->CodeIgniter\View\{closure}()
 3 SYSTEMPATH\Common.php(1173): CodeIgniter\View\View->render('belajar', [], true)
 4 APPPATH\Controllers\Belajar.php(9): view('belajar')
 5 SYSTEMPATH\CodeIgniter.php(933): App\Controllers\Belajar->index()
 6 SYSTEMPATH\CodeIgniter.php(507): CodeIgniter\CodeIgniter->runController(Object(App\Controllers\Belajar))
 7 SYSTEMPATH\CodeIgniter.php(354): CodeIgniter\CodeIgniter->handleRequest(null, Object(Config\Cache), false)
 8 SYSTEMPATH\Boot.php(334): CodeIgniter\CodeIgniter->run()
 9 SYSTEMPATH\Boot.php(67): CodeIgniter\Boot::runCodeIgniter(Object(CodeIgniter\CodeIgniter))
10 FCPATH\index.php(56): CodeIgniter\Boot::bootWeb(Object(Config\Paths))
CRITICAL - 2025-04-30 02:30:35 --> ParseError: syntax error, unexpected token "return"
[Method: GET, Route: registrasi]
in APPPATH\Controllers\Registrasi.php on line 12.
 1 SYSTEMPATH\Autoloader\Autoloader.php(295): CodeIgniter\Autoloader\Autoloader->includeFile('C:\\laragon\\www\\ci-web\\app\\Controllers\\Registrasi.php')
 2 SYSTEMPATH\Autoloader\Autoloader.php(271): CodeIgniter\Autoloader\Autoloader->loadInNamespace('App\\Controllers\\Registrasi')
 3 [internal function]: CodeIgniter\Autoloader\Autoloader->loadClass('App\\Controllers\\Registrasi')
 4 SYSTEMPATH\CodeIgniter.php(885): class_exists('\\App\\Controllers\\Registrasi', true)
 5 SYSTEMPATH\CodeIgniter.php(494): CodeIgniter\CodeIgniter->startController()
 6 SYSTEMPATH\CodeIgniter.php(354): CodeIgniter\CodeIgniter->handleRequest(null, Object(Config\Cache), false)
 7 SYSTEMPATH\Boot.php(334): CodeIgniter\CodeIgniter->run()
 8 SYSTEMPATH\Boot.php(67): CodeIgniter\Boot::runCodeIgniter(Object(CodeIgniter\CodeIgniter))
 9 FCPATH\index.php(56): CodeIgniter\Boot::bootWeb(Object(Config\Paths))
CRITICAL - 2025-04-30 02:30:57 --> ParseError: syntax error, unexpected token "}", expecting "," or ";"
[Method: GET, Route: registrasi]
in APPPATH\Controllers\Registrasi.php on line 17.
 1 SYSTEMPATH\Autoloader\Autoloader.php(295): CodeIgniter\Autoloader\Autoloader->includeFile('C:\\laragon\\www\\ci-web\\app\\Controllers\\Registrasi.php')
 2 SYSTEMPATH\Autoloader\Autoloader.php(271): CodeIgniter\Autoloader\Autoloader->loadInNamespace('App\\Controllers\\Registrasi')
 3 [internal function]: CodeIgniter\Autoloader\Autoloader->loadClass('App\\Controllers\\Registrasi')
 4 SYSTEMPATH\CodeIgniter.php(885): class_exists('\\App\\Controllers\\Registrasi', true)
 5 SYSTEMPATH\CodeIgniter.php(494): CodeIgniter\CodeIgniter->startController()
 6 SYSTEMPATH\CodeIgniter.php(354): CodeIgniter\CodeIgniter->handleRequest(null, Object(Config\Cache), false)
 7 SYSTEMPATH\Boot.php(334): CodeIgniter\CodeIgniter->run()
 8 SYSTEMPATH\Boot.php(67): CodeIgniter\Boot::runCodeIgniter(Object(CodeIgniter\CodeIgniter))
 9 FCPATH\index.php(56): CodeIgniter\Boot::bootWeb(Object(Config\Paths))
CRITICAL - 2025-04-30 02:31:13 --> ParseError: syntax error, unexpected single-quoted string "status", expecting "]"
[Method: GET, Route: registrasi]
in APPPATH\Models\RegistrasiModel.php on line 13.
 1 SYSTEMPATH\Autoloader\Autoloader.php(295): CodeIgniter\Autoloader\Autoloader->includeFile('C:\\laragon\\www\\ci-web\\app\\Models\\RegistrasiModel.php')
 2 SYSTEMPATH\Autoloader\Autoloader.php(271): CodeIgniter\Autoloader\Autoloader->loadInNamespace('App\\Models\\RegistrasiModel')
 3 APPPATH\Controllers\Registrasi.php(8): CodeIgniter\Autoloader\Autoloader->loadClass('App\\Models\\RegistrasiModel')
 4 SYSTEMPATH\CodeIgniter.php(933): App\Controllers\Registrasi->index()
 5 SYSTEMPATH\CodeIgniter.php(507): CodeIgniter\CodeIgniter->runController(Object(App\Controllers\Registrasi))
 6 SYSTEMPATH\CodeIgniter.php(354): CodeIgniter\CodeIgniter->handleRequest(null, Object(Config\Cache), false)
 7 SYSTEMPATH\Boot.php(334): CodeIgniter\CodeIgniter->run()
 8 SYSTEMPATH\Boot.php(67): CodeIgniter\Boot::runCodeIgniter(Object(CodeIgniter\CodeIgniter))
 9 FCPATH\index.php(56): CodeIgniter\Boot::bootWeb(Object(Config\Paths))
CRITICAL - 2025-04-30 02:31:39 --> ParseError: syntax error, unexpected token "return"
[Method: GET, Route: registrasi]
in APPPATH\Models\RegistrasiModel.php on line 29.
 1 SYSTEMPATH\Autoloader\Autoloader.php(295): CodeIgniter\Autoloader\Autoloader->includeFile('C:\\laragon\\www\\ci-web\\app\\Models\\RegistrasiModel.php')
 2 SYSTEMPATH\Autoloader\Autoloader.php(271): CodeIgniter\Autoloader\Autoloader->loadInNamespace('App\\Models\\RegistrasiModel')
 3 APPPATH\Controllers\Registrasi.php(8): CodeIgniter\Autoloader\Autoloader->loadClass('App\\Models\\RegistrasiModel')
 4 SYSTEMPATH\CodeIgniter.php(933): App\Controllers\Registrasi->index()
 5 SYSTEMPATH\CodeIgniter.php(507): CodeIgniter\CodeIgniter->runController(Object(App\Controllers\Registrasi))
 6 SYSTEMPATH\CodeIgniter.php(354): CodeIgniter\CodeIgniter->handleRequest(null, Object(Config\Cache), false)
 7 SYSTEMPATH\Boot.php(334): CodeIgniter\CodeIgniter->run()
 8 SYSTEMPATH\Boot.php(67): CodeIgniter\Boot::runCodeIgniter(Object(CodeIgniter\CodeIgniter))
 9 FCPATH\index.php(56): CodeIgniter\Boot::bootWeb(Object(Config\Paths))
CRITICAL - 2025-04-30 02:34:12 --> ErrorException: Array to string conversion
[Method: GET, Route: registrasi]
in APPPATH\Views\v_registrasi.php on line 10.
 1 APPPATH\Views\v_registrasi.php(10): CodeIgniter\Debug\Exceptions->errorHandler(2, 'Array to string conversion', 'C:\\laragon\\www\\ci-web\\app\\Views\\v_registrasi.php', 10)
 2 SYSTEMPATH\View\View.php(224): include('C:\\laragon\\www\\ci-web\\app\\Views\\v_registrasi.php')
 3 SYSTEMPATH\View\View.php(227): CodeIgniter\View\View->CodeIgniter\View\{closure}()
 4 SYSTEMPATH\Common.php(1173): CodeIgniter\View\View->render('v_registrasi', [], true)
 5 APPPATH\Controllers\Registrasi.php(12): view('v_registrasi', [...])
 6 SYSTEMPATH\CodeIgniter.php(933): App\Controllers\Registrasi->index()
 7 SYSTEMPATH\CodeIgniter.php(507): CodeIgniter\CodeIgniter->runController(Object(App\Controllers\Registrasi))
 8 SYSTEMPATH\CodeIgniter.php(354): CodeIgniter\CodeIgniter->handleRequest(null, Object(Config\Cache), false)
 9 SYSTEMPATH\Boot.php(334): CodeIgniter\CodeIgniter->run()
10 SYSTEMPATH\Boot.php(67): CodeIgniter\Boot::runCodeIgniter(Object(CodeIgniter\CodeIgniter))
11 FCPATH\index.php(56): CodeIgniter\Boot::bootWeb(Object(Config\Paths))
CRITICAL - 2025-04-30 02:53:43 --> ErrorException: Undefined variable $nama
[Method: GET, Route: belajar-helper]
in APPPATH\Views\v_belajar_helper.php on line 22.
 1 APPPATH\Views\v_belajar_helper.php(22): CodeIgniter\Debug\Exceptions->errorHandler(2, 'Undefined variable $nama', 'C:\\laragon\\www\\ci-web\\app\\Views\\v_belajar_helper.php', 22)
 2 SYSTEMPATH\View\View.php(224): include('C:\\laragon\\www\\ci-web\\app\\Views\\v_belajar_helper.php')
 3 SYSTEMPATH\View\View.php(227): CodeIgniter\View\View->CodeIgniter\View\{closure}()
 4 SYSTEMPATH\Common.php(1173): CodeIgniter\View\View->render('v_belajar_helper', [], true)
 5 APPPATH\Controllers\BelajarHelper.php(7): view('v_belajar_helper')
 6 SYSTEMPATH\CodeIgniter.php(933): App\Controllers\BelajarHelper->index()
 7 SYSTEMPATH\CodeIgniter.php(507): CodeIgniter\CodeIgniter->runController(Object(App\Controllers\BelajarHelper))
 8 SYSTEMPATH\CodeIgniter.php(354): CodeIgniter\CodeIgniter->handleRequest(null, Object(Config\Cache), false)
 9 SYSTEMPATH\Boot.php(334): CodeIgniter\CodeIgniter->run()
10 SYSTEMPATH\Boot.php(67): CodeIgniter\Boot::runCodeIgniter(Object(CodeIgniter\CodeIgniter))
11 FCPATH\index.php(56): CodeIgniter\Boot::bootWeb(Object(Config\Paths))
CRITICAL - 2025-04-30 03:14:43 --> ErrorException: Undefined array key 2
[Method: GET, Route: belajar-helper/convert]
in APPPATH\Helpers\tanggal_helper.php on line 19.
 1 APPPATH\Helpers\tanggal_helper.php(19): CodeIgniter\Debug\Exceptions->errorHandler(2, 'Undefined array key 2', 'C:\\laragon\\www\\ci-web\\app\\Helpers\\tanggal_helper.php', 19)
 2 APPPATH\Controllers\BelajarHelper.php(20): tanggal('2025-04-30')
 3 SYSTEMPATH\CodeIgniter.php(933): App\Controllers\BelajarHelper->convert()
 4 SYSTEMPATH\CodeIgniter.php(507): CodeIgniter\CodeIgniter->runController(Object(App\Controllers\BelajarHelper))
 5 SYSTEMPATH\CodeIgniter.php(354): CodeIgniter\CodeIgniter->handleRequest(null, Object(Config\Cache), false)
 6 SYSTEMPATH\Boot.php(334): CodeIgniter\CodeIgniter->run()
 7 SYSTEMPATH\Boot.php(67): CodeIgniter\Boot::runCodeIgniter(Object(CodeIgniter\CodeIgniter))
 8 FCPATH\index.php(56): CodeIgniter\Boot::bootWeb(Object(Config\Paths))
CRITICAL - 2025-04-30 03:15:51 --> ErrorException: Undefined array key "04 2025"
[Method: GET, Route: belajar-helper/convert]
in APPPATH\Helpers\tanggal_helper.php on line 19.
 1 APPPATH\Helpers\tanggal_helper.php(19): CodeIgniter\Debug\Exceptions->errorHandler(2, 'Undefined array key "04 2025"', 'C:\\laragon\\www\\ci-web\\app\\Helpers\\tanggal_helper.php', 19)
 2 APPPATH\Controllers\BelajarHelper.php(20): tanggal('2025-04-30')
 3 SYSTEMPATH\CodeIgniter.php(933): App\Controllers\BelajarHelper->convert()
 4 SYSTEMPATH\CodeIgniter.php(507): CodeIgniter\CodeIgniter->runController(Object(App\Controllers\BelajarHelper))
 5 SYSTEMPATH\CodeIgniter.php(354): CodeIgniter\CodeIgniter->handleRequest(null, Object(Config\Cache), false)
 6 SYSTEMPATH\Boot.php(334): CodeIgniter\CodeIgniter->run()
 7 SYSTEMPATH\Boot.php(67): CodeIgniter\Boot::runCodeIgniter(Object(CodeIgniter\CodeIgniter))
 8 FCPATH\index.php(56): CodeIgniter\Boot::bootWeb(Object(Config\Paths))
CRITICAL - 2025-04-30 03:16:40 --> ErrorException: Undefined array key 1
[Method: GET, Route: belajar-helper/convert]
in APPPATH\Helpers\tanggal_helper.php on line 19.
 1 APPPATH\Helpers\tanggal_helper.php(19): CodeIgniter\Debug\Exceptions->errorHandler(2, 'Undefined array key 1', 'C:\\laragon\\www\\ci-web\\app\\Helpers\\tanggal_helper.php', 19)
 2 APPPATH\Controllers\BelajarHelper.php(20): tanggal('2025-04-30')
 3 SYSTEMPATH\CodeIgniter.php(933): App\Controllers\BelajarHelper->convert()
 4 SYSTEMPATH\CodeIgniter.php(507): CodeIgniter\CodeIgniter->runController(Object(App\Controllers\BelajarHelper))
 5 SYSTEMPATH\CodeIgniter.php(354): CodeIgniter\CodeIgniter->handleRequest(null, Object(Config\Cache), false)
 6 SYSTEMPATH\Boot.php(334): CodeIgniter\CodeIgniter->run()
 7 SYSTEMPATH\Boot.php(67): CodeIgniter\Boot::runCodeIgniter(Object(CodeIgniter\CodeIgniter))
 8 FCPATH\index.php(56): CodeIgniter\Boot::bootWeb(Object(Config\Paths))
CRITICAL - 2025-04-30 03:20:18 --> ErrorException: Undefined array key 2
[Method: GET, Route: belajar-helper/convert]
in APPPATH\Helpers\tanggal_helper.php on line 19.
 1 APPPATH\Helpers\tanggal_helper.php(19): CodeIgniter\Debug\Exceptions->errorHandler(2, 'Undefined array key 2', 'C:\\laragon\\www\\ci-web\\app\\Helpers\\tanggal_helper.php', 19)
 2 APPPATH\Controllers\BelajarHelper.php(20): tanggal('2025-04-30')
 3 SYSTEMPATH\CodeIgniter.php(933): App\Controllers\BelajarHelper->convert()
 4 SYSTEMPATH\CodeIgniter.php(507): CodeIgniter\CodeIgniter->runController(Object(App\Controllers\BelajarHelper))
 5 SYSTEMPATH\CodeIgniter.php(354): CodeIgniter\CodeIgniter->handleRequest(null, Object(Config\Cache), false)
 6 SYSTEMPATH\Boot.php(334): CodeIgniter\CodeIgniter->run()
 7 SYSTEMPATH\Boot.php(67): CodeIgniter\Boot::runCodeIgniter(Object(CodeIgniter\CodeIgniter))
 8 FCPATH\index.php(56): CodeIgniter\Boot::bootWeb(Object(Config\Paths))
