CRITICAL - 2025-06-04 01:29:49 --> CodeIgniter\View\Exceptions\ViewException: Invalid file: "v_dosen.php"
[Method: GET, Route: dosen]
in SYSTEMPATH\Exceptions\FrameworkException.php on line 39.
 1 SYSTEMPATH\View\View.php(212): CodeIgniter\Exceptions\FrameworkException::forInvalidFile('v_dosen.php')
 2 SYSTEMPATH\Common.php(1173): CodeIgniter\View\View->render('v_dosen', [], true)
 3 APPPATH\Views\v_templates.php(289): view('v_dosen')
 4 SYSTEMPATH\View\View.php(224): include('C:\\laragon\\www\\ci-web\\app\\Views\\v_templates.php')
 5 SYSTEMPATH\View\View.php(227): CodeIgniter\View\View->CodeIgniter\View\{closure}()
 6 SYSTEMPATH\Common.php(1173): CodeIgniter\View\View->render('v_templates', [], true)
 7 APPPATH\Modules\Dosen\Controllers\Dosen.php(16): view('v_templates', [...])
 8 SYSTEMPATH\CodeIgniter.php(933): App\Modules\Dosen\Controllers\Dosen->index()
 9 SYSTEMPATH\CodeIgniter.php(507): CodeIgniter\CodeIgniter->runController(Object(App\Modules\Dosen\Controllers\Dosen))
10 SYSTEMPATH\CodeIgniter.php(354): CodeIgniter\CodeIgniter->handleRequest(null, Object(Config\Cache), false)
11 SYSTEMPATH\Boot.php(334): CodeIgniter\CodeIgniter->run()
12 SYSTEMPATH\Boot.php(67): CodeIgniter\Boot::runCodeIgniter(Object(CodeIgniter\CodeIgniter))
13 FCPATH\index.php(56): CodeIgniter\Boot::bootWeb(Object(Config\Paths))
CRITICAL - 2025-06-04 01:30:27 --> CodeIgniter\View\Exceptions\ViewException: Invalid file: "v_dosen.php"
[Method: GET, Route: dosen]
in SYSTEMPATH\Exceptions\FrameworkException.php on line 39.
 1 SYSTEMPATH\View\View.php(212): CodeIgniter\Exceptions\FrameworkException::forInvalidFile('v_dosen.php')
 2 SYSTEMPATH\Common.php(1173): CodeIgniter\View\View->render('v_dosen', [], true)
 3 APPPATH\Views\v_templates.php(289): view('v_dosen')
 4 SYSTEMPATH\View\View.php(224): include('C:\\laragon\\www\\ci-web\\app\\Views\\v_templates.php')
 5 SYSTEMPATH\View\View.php(227): CodeIgniter\View\View->CodeIgniter\View\{closure}()
 6 SYSTEMPATH\Common.php(1173): CodeIgniter\View\View->render('v_templates', [], true)
 7 APPPATH\Modules\Dosen\Controllers\Dosen.php(16): view('v_templates', [...])
 8 SYSTEMPATH\CodeIgniter.php(933): App\Modules\Dosen\Controllers\Dosen->index()
 9 SYSTEMPATH\CodeIgniter.php(507): CodeIgniter\CodeIgniter->runController(Object(App\Modules\Dosen\Controllers\Dosen))
10 SYSTEMPATH\CodeIgniter.php(354): CodeIgniter\CodeIgniter->handleRequest(null, Object(Config\Cache), false)
11 SYSTEMPATH\Boot.php(334): CodeIgniter\CodeIgniter->run()
12 SYSTEMPATH\Boot.php(67): CodeIgniter\Boot::runCodeIgniter(Object(CodeIgniter\CodeIgniter))
13 FCPATH\index.php(56): CodeIgniter\Boot::bootWeb(Object(Config\Paths))
CRITICAL - 2025-06-04 01:31:09 --> CodeIgniter\View\Exceptions\ViewException: Invalid file: "v_dosen.php"
[Method: GET, Route: dosen]
in SYSTEMPATH\Exceptions\FrameworkException.php on line 39.
 1 SYSTEMPATH\View\View.php(212): CodeIgniter\Exceptions\FrameworkException::forInvalidFile('v_dosen.php')
 2 SYSTEMPATH\Common.php(1173): CodeIgniter\View\View->render('v_dosen', [], true)
 3 APPPATH\Views\v_templates.php(289): view('v_dosen')
 4 SYSTEMPATH\View\View.php(224): include('C:\\laragon\\www\\ci-web\\app\\Views\\v_templates.php')
 5 SYSTEMPATH\View\View.php(227): CodeIgniter\View\View->CodeIgniter\View\{closure}()
 6 SYSTEMPATH\Common.php(1173): CodeIgniter\View\View->render('\\App\\Views\\v_templates', [], true)
 7 APPPATH\Modules\Dosen\Controllers\Dosen.php(16): view('\\App\\Views\\v_templates', [...])
 8 SYSTEMPATH\CodeIgniter.php(933): App\Modules\Dosen\Controllers\Dosen->index()
 9 SYSTEMPATH\CodeIgniter.php(507): CodeIgniter\CodeIgniter->runController(Object(App\Modules\Dosen\Controllers\Dosen))
10 SYSTEMPATH\CodeIgniter.php(354): CodeIgniter\CodeIgniter->handleRequest(null, Object(Config\Cache), false)
11 SYSTEMPATH\Boot.php(334): CodeIgniter\CodeIgniter->run()
12 SYSTEMPATH\Boot.php(67): CodeIgniter\Boot::runCodeIgniter(Object(CodeIgniter\CodeIgniter))
13 FCPATH\index.php(56): CodeIgniter\Boot::bootWeb(Object(Config\Paths))
CRITICAL - 2025-06-04 01:34:16 --> CodeIgniter\View\Exceptions\ViewException: Invalid file: "v_dosen.php"
[Method: GET, Route: dosen]
in SYSTEMPATH\Exceptions\FrameworkException.php on line 39.
 1 SYSTEMPATH\View\View.php(212): CodeIgniter\Exceptions\FrameworkException::forInvalidFile('v_dosen.php')
 2 SYSTEMPATH\Common.php(1173): CodeIgniter\View\View->render('v_dosen', [], true)
 3 APPPATH\Modules\Dosen\Controllers\Dosen.php(12): view('v_dosen')
 4 SYSTEMPATH\CodeIgniter.php(933): App\Modules\Dosen\Controllers\Dosen->index()
 5 SYSTEMPATH\CodeIgniter.php(507): CodeIgniter\CodeIgniter->runController(Object(App\Modules\Dosen\Controllers\Dosen))
 6 SYSTEMPATH\CodeIgniter.php(354): CodeIgniter\CodeIgniter->handleRequest(null, Object(Config\Cache), false)
 7 SYSTEMPATH\Boot.php(334): CodeIgniter\CodeIgniter->run()
 8 SYSTEMPATH\Boot.php(67): CodeIgniter\Boot::runCodeIgniter(Object(CodeIgniter\CodeIgniter))
 9 FCPATH\index.php(56): CodeIgniter\Boot::bootWeb(Object(Config\Paths))
CRITICAL - 2025-06-04 02:20:13 --> ErrorException: Undefined property: stdClass::$nama_dosenn
[Method: GET, Route: dosen]
in APPPATH\Modules\Dosen\Views\v_dosen.php on line 18.
 1 APPPATH\Modules\Dosen\Views\v_dosen.php(18): CodeIgniter\Debug\Exceptions->errorHandler(2, 'Undefined property: stdClass::$nama_dosenn', 'C:\\laragon\\www\\ci-web\\app\\Modules\\Dosen\\Views\\v_dosen.php', 18)
 2 SYSTEMPATH\View\View.php(224): include('C:\\laragon\\www\\ci-web\\app\\Modules\\Dosen\\Views\\v_dosen.php')
 3 SYSTEMPATH\View\View.php(227): CodeIgniter\View\View->CodeIgniter\View\{closure}()
 4 SYSTEMPATH\Common.php(1173): CodeIgniter\View\View->render('\\App\\Modules\\Dosen\\Views\\v_dosen', [], true)
 5 APPPATH\Views\v_templates.php(302): view('\\App\\Modules\\Dosen\\Views\\v_dosen')
 6 SYSTEMPATH\View\View.php(224): include('C:\\laragon\\www\\ci-web\\app\\Views\\v_templates.php')
 7 SYSTEMPATH\View\View.php(227): CodeIgniter\View\View->CodeIgniter\View\{closure}()
 8 SYSTEMPATH\Common.php(1173): CodeIgniter\View\View->render('v_templates', [], true)
 9 APPPATH\Modules\Dosen\Controllers\Dosen.php(17): view('v_templates', [...])
10 SYSTEMPATH\CodeIgniter.php(933): App\Modules\Dosen\Controllers\Dosen->index()
11 SYSTEMPATH\CodeIgniter.php(507): CodeIgniter\CodeIgniter->runController(Object(App\Modules\Dosen\Controllers\Dosen))
12 SYSTEMPATH\CodeIgniter.php(354): CodeIgniter\CodeIgniter->handleRequest(null, Object(Config\Cache), false)
13 SYSTEMPATH\Boot.php(334): CodeIgniter\CodeIgniter->run()
14 SYSTEMPATH\Boot.php(67): CodeIgniter\Boot::runCodeIgniter(Object(CodeIgniter\CodeIgniter))
15 FCPATH\index.php(56): CodeIgniter\Boot::bootWeb(Object(Config\Paths))
CRITICAL - 2025-06-04 02:20:31 --> ErrorException: Undefined property: stdClass::$id
[Method: GET, Route: dosen]
in APPPATH\Modules\Dosen\Views\v_dosen.php on line 22.
 1 APPPATH\Modules\Dosen\Views\v_dosen.php(22): CodeIgniter\Debug\Exceptions->errorHandler(2, 'Undefined property: stdClass::$id', 'C:\\laragon\\www\\ci-web\\app\\Modules\\Dosen\\Views\\v_dosen.php', 22)
 2 SYSTEMPATH\View\View.php(224): include('C:\\laragon\\www\\ci-web\\app\\Modules\\Dosen\\Views\\v_dosen.php')
 3 SYSTEMPATH\View\View.php(227): CodeIgniter\View\View->CodeIgniter\View\{closure}()
 4 SYSTEMPATH\Common.php(1173): CodeIgniter\View\View->render('\\App\\Modules\\Dosen\\Views\\v_dosen', [], true)
 5 APPPATH\Views\v_templates.php(302): view('\\App\\Modules\\Dosen\\Views\\v_dosen')
 6 SYSTEMPATH\View\View.php(224): include('C:\\laragon\\www\\ci-web\\app\\Views\\v_templates.php')
 7 SYSTEMPATH\View\View.php(227): CodeIgniter\View\View->CodeIgniter\View\{closure}()
 8 SYSTEMPATH\Common.php(1173): CodeIgniter\View\View->render('v_templates', [], true)
 9 APPPATH\Modules\Dosen\Controllers\Dosen.php(17): view('v_templates', [...])
10 SYSTEMPATH\CodeIgniter.php(933): App\Modules\Dosen\Controllers\Dosen->index()
11 SYSTEMPATH\CodeIgniter.php(507): CodeIgniter\CodeIgniter->runController(Object(App\Modules\Dosen\Controllers\Dosen))
12 SYSTEMPATH\CodeIgniter.php(354): CodeIgniter\CodeIgniter->handleRequest(null, Object(Config\Cache), false)
13 SYSTEMPATH\Boot.php(334): CodeIgniter\CodeIgniter->run()
14 SYSTEMPATH\Boot.php(67): CodeIgniter\Boot::runCodeIgniter(Object(CodeIgniter\CodeIgniter))
15 FCPATH\index.php(56): CodeIgniter\Boot::bootWeb(Object(Config\Paths))
CRITICAL - 2025-06-04 02:21:27 --> ErrorException: Attempt to read property "id_dosen" on null
[Method: GET, Route: dosen/edit/1]
in APPPATH\Modules\Dosen\Views\v_dosen_edit.php on line 1.
 1 APPPATH\Modules\Dosen\Views\v_dosen_edit.php(1): CodeIgniter\Debug\Exceptions->errorHandler(2, 'Attempt to read property "id_dosen" on null', 'C:\\laragon\\www\\ci-web\\app\\Modules\\Dosen\\Views\\v_dosen_edit.php', 1)
 2 SYSTEMPATH\View\View.php(224): include('C:\\laragon\\www\\ci-web\\app\\Modules\\Dosen\\Views\\v_dosen_edit.php')
 3 SYSTEMPATH\View\View.php(227): CodeIgniter\View\View->CodeIgniter\View\{closure}()
 4 SYSTEMPATH\Common.php(1173): CodeIgniter\View\View->render('\\App\\Modules\\Dosen\\Views\\v_dosen_edit', [], true)
 5 APPPATH\Views\v_templates.php(302): view('\\App\\Modules\\Dosen\\Views\\v_dosen_edit')
 6 SYSTEMPATH\View\View.php(224): include('C:\\laragon\\www\\ci-web\\app\\Views\\v_templates.php')
 7 SYSTEMPATH\View\View.php(227): CodeIgniter\View\View->CodeIgniter\View\{closure}()
 8 SYSTEMPATH\Common.php(1173): CodeIgniter\View\View->render('v_templates', [], true)
 9 APPPATH\Modules\Dosen\Controllers\Dosen.php(39): view('v_templates', [...])
10 SYSTEMPATH\CodeIgniter.php(933): App\Modules\Dosen\Controllers\Dosen->edit('1')
11 SYSTEMPATH\CodeIgniter.php(507): CodeIgniter\CodeIgniter->runController(Object(App\Modules\Dosen\Controllers\Dosen))
12 SYSTEMPATH\CodeIgniter.php(354): CodeIgniter\CodeIgniter->handleRequest(null, Object(Config\Cache), false)
13 SYSTEMPATH\Boot.php(334): CodeIgniter\CodeIgniter->run()
14 SYSTEMPATH\Boot.php(67): CodeIgniter\Boot::runCodeIgniter(Object(CodeIgniter\CodeIgniter))
15 FCPATH\index.php(56): CodeIgniter\Boot::bootWeb(Object(Config\Paths))
CRITICAL - 2025-06-04 02:22:17 --> ErrorException: Attempt to read property "id_dosen" on null
[Method: GET, Route: dosen/edit/1]
in APPPATH\Modules\Dosen\Views\v_dosen_edit.php on line 1.
 1 APPPATH\Modules\Dosen\Views\v_dosen_edit.php(1): CodeIgniter\Debug\Exceptions->errorHandler(2, 'Attempt to read property "id_dosen" on null', 'C:\\laragon\\www\\ci-web\\app\\Modules\\Dosen\\Views\\v_dosen_edit.php', 1)
 2 SYSTEMPATH\View\View.php(224): include('C:\\laragon\\www\\ci-web\\app\\Modules\\Dosen\\Views\\v_dosen_edit.php')
 3 SYSTEMPATH\View\View.php(227): CodeIgniter\View\View->CodeIgniter\View\{closure}()
 4 SYSTEMPATH\Common.php(1173): CodeIgniter\View\View->render('\\App\\Modules\\Dosen\\Views\\v_dosen_edit', [], true)
 5 APPPATH\Views\v_templates.php(302): view('\\App\\Modules\\Dosen\\Views\\v_dosen_edit')
 6 SYSTEMPATH\View\View.php(224): include('C:\\laragon\\www\\ci-web\\app\\Views\\v_templates.php')
 7 SYSTEMPATH\View\View.php(227): CodeIgniter\View\View->CodeIgniter\View\{closure}()
 8 SYSTEMPATH\Common.php(1173): CodeIgniter\View\View->render('v_templates', [], true)
 9 APPPATH\Modules\Dosen\Controllers\Dosen.php(39): view('v_templates', [...])
10 SYSTEMPATH\CodeIgniter.php(933): App\Modules\Dosen\Controllers\Dosen->edit('1')
11 SYSTEMPATH\CodeIgniter.php(507): CodeIgniter\CodeIgniter->runController(Object(App\Modules\Dosen\Controllers\Dosen))
12 SYSTEMPATH\CodeIgniter.php(354): CodeIgniter\CodeIgniter->handleRequest(null, Object(Config\Cache), false)
13 SYSTEMPATH\Boot.php(334): CodeIgniter\CodeIgniter->run()
14 SYSTEMPATH\Boot.php(67): CodeIgniter\Boot::runCodeIgniter(Object(CodeIgniter\CodeIgniter))
15 FCPATH\index.php(56): CodeIgniter\Boot::bootWeb(Object(Config\Paths))
CRITICAL - 2025-06-04 02:23:12 --> ErrorException: Attempt to read property "id_dosen" on null
[Method: GET, Route: dosen/edit/1]
in APPPATH\Modules\Dosen\Views\v_dosen_edit.php on line 1.
 1 APPPATH\Modules\Dosen\Views\v_dosen_edit.php(1): CodeIgniter\Debug\Exceptions->errorHandler(2, 'Attempt to read property "id_dosen" on null', 'C:\\laragon\\www\\ci-web\\app\\Modules\\Dosen\\Views\\v_dosen_edit.php', 1)
 2 SYSTEMPATH\View\View.php(224): include('C:\\laragon\\www\\ci-web\\app\\Modules\\Dosen\\Views\\v_dosen_edit.php')
 3 SYSTEMPATH\View\View.php(227): CodeIgniter\View\View->CodeIgniter\View\{closure}()
 4 SYSTEMPATH\Common.php(1173): CodeIgniter\View\View->render('\\App\\Modules\\Dosen\\Views\\v_dosen_edit', [], true)
 5 APPPATH\Views\v_templates.php(302): view('\\App\\Modules\\Dosen\\Views\\v_dosen_edit')
 6 SYSTEMPATH\View\View.php(224): include('C:\\laragon\\www\\ci-web\\app\\Views\\v_templates.php')
 7 SYSTEMPATH\View\View.php(227): CodeIgniter\View\View->CodeIgniter\View\{closure}()
 8 SYSTEMPATH\Common.php(1173): CodeIgniter\View\View->render('v_templates', [], true)
 9 APPPATH\Modules\Dosen\Controllers\Dosen.php(39): view('v_templates', [...])
10 SYSTEMPATH\CodeIgniter.php(933): App\Modules\Dosen\Controllers\Dosen->edit('1')
11 SYSTEMPATH\CodeIgniter.php(507): CodeIgniter\CodeIgniter->runController(Object(App\Modules\Dosen\Controllers\Dosen))
12 SYSTEMPATH\CodeIgniter.php(354): CodeIgniter\CodeIgniter->handleRequest(null, Object(Config\Cache), false)
13 SYSTEMPATH\Boot.php(334): CodeIgniter\CodeIgniter->run()
14 SYSTEMPATH\Boot.php(67): CodeIgniter\Boot::runCodeIgniter(Object(CodeIgniter\CodeIgniter))
15 FCPATH\index.php(56): CodeIgniter\Boot::bootWeb(Object(Config\Paths))
CRITICAL - 2025-06-04 02:23:24 --> ErrorException: Attempt to read property "id_dosen" on null
[Method: GET, Route: dosen/edit/1]
in APPPATH\Modules\Dosen\Views\v_dosen_edit.php on line 1.
 1 APPPATH\Modules\Dosen\Views\v_dosen_edit.php(1): CodeIgniter\Debug\Exceptions->errorHandler(2, 'Attempt to read property "id_dosen" on null', 'C:\\laragon\\www\\ci-web\\app\\Modules\\Dosen\\Views\\v_dosen_edit.php', 1)
 2 SYSTEMPATH\View\View.php(224): include('C:\\laragon\\www\\ci-web\\app\\Modules\\Dosen\\Views\\v_dosen_edit.php')
 3 SYSTEMPATH\View\View.php(227): CodeIgniter\View\View->CodeIgniter\View\{closure}()
 4 SYSTEMPATH\Common.php(1173): CodeIgniter\View\View->render('\\App\\Modules\\Dosen\\Views\\v_dosen_edit', [], true)
 5 APPPATH\Views\v_templates.php(302): view('\\App\\Modules\\Dosen\\Views\\v_dosen_edit')
 6 SYSTEMPATH\View\View.php(224): include('C:\\laragon\\www\\ci-web\\app\\Views\\v_templates.php')
 7 SYSTEMPATH\View\View.php(227): CodeIgniter\View\View->CodeIgniter\View\{closure}()
 8 SYSTEMPATH\Common.php(1173): CodeIgniter\View\View->render('v_templates', [], true)
 9 APPPATH\Modules\Dosen\Controllers\Dosen.php(39): view('v_templates', [...])
10 SYSTEMPATH\CodeIgniter.php(933): App\Modules\Dosen\Controllers\Dosen->edit('1')
11 SYSTEMPATH\CodeIgniter.php(507): CodeIgniter\CodeIgniter->runController(Object(App\Modules\Dosen\Controllers\Dosen))
12 SYSTEMPATH\CodeIgniter.php(354): CodeIgniter\CodeIgniter->handleRequest(null, Object(Config\Cache), false)
13 SYSTEMPATH\Boot.php(334): CodeIgniter\CodeIgniter->run()
14 SYSTEMPATH\Boot.php(67): CodeIgniter\Boot::runCodeIgniter(Object(CodeIgniter\CodeIgniter))
15 FCPATH\index.php(56): CodeIgniter\Boot::bootWeb(Object(Config\Paths))
CRITICAL - 2025-06-04 02:24:57 --> ErrorException: Attempt to read property "id_dosen" on null
[Method: GET, Route: dosen/edit/assets/images/notion.png]
in APPPATH\Modules\Dosen\Views\v_dosen_edit.php on line 1.
 1 APPPATH\Modules\Dosen\Views\v_dosen_edit.php(1): CodeIgniter\Debug\Exceptions->errorHandler(2, 'Attempt to read property "id_dosen" on null', 'C:\\laragon\\www\\ci-web\\app\\Modules\\Dosen\\Views\\v_dosen_edit.php', 1)
 2 SYSTEMPATH\View\View.php(224): include('C:\\laragon\\www\\ci-web\\app\\Modules\\Dosen\\Views\\v_dosen_edit.php')
 3 SYSTEMPATH\View\View.php(227): CodeIgniter\View\View->CodeIgniter\View\{closure}()
 4 SYSTEMPATH\Common.php(1173): CodeIgniter\View\View->render('\\App\\Modules\\Dosen\\Views\\v_dosen_edit', [], true)
 5 APPPATH\Views\v_templates.php(302): view('\\App\\Modules\\Dosen\\Views\\v_dosen_edit')
 6 SYSTEMPATH\View\View.php(224): include('C:\\laragon\\www\\ci-web\\app\\Views\\v_templates.php')
 7 SYSTEMPATH\View\View.php(227): CodeIgniter\View\View->CodeIgniter\View\{closure}()
 8 SYSTEMPATH\Common.php(1173): CodeIgniter\View\View->render('v_templates', [], true)
 9 APPPATH\Modules\Dosen\Controllers\Dosen.php(39): view('v_templates', [...])
10 SYSTEMPATH\CodeIgniter.php(933): App\Modules\Dosen\Controllers\Dosen->edit('assets', 'images', 'notion.png')
11 SYSTEMPATH\CodeIgniter.php(507): CodeIgniter\CodeIgniter->runController(Object(App\Modules\Dosen\Controllers\Dosen))
12 SYSTEMPATH\CodeIgniter.php(354): CodeIgniter\CodeIgniter->handleRequest(null, Object(Config\Cache), false)
13 SYSTEMPATH\Boot.php(334): CodeIgniter\CodeIgniter->run()
14 SYSTEMPATH\Boot.php(67): CodeIgniter\Boot::runCodeIgniter(Object(CodeIgniter\CodeIgniter))
15 FCPATH\index.php(56): CodeIgniter\Boot::bootWeb(Object(Config\Paths))
CRITICAL - 2025-06-04 02:30:54 --> ErrorException: Attempt to read property "id_dosen" on null
[Method: GET, Route: dosen/edit/assets/images/notion.png]
in APPPATH\Modules\Dosen\Views\v_dosen_edit.php on line 1.
 1 APPPATH\Modules\Dosen\Views\v_dosen_edit.php(1): CodeIgniter\Debug\Exceptions->errorHandler(2, 'Attempt to read property "id_dosen" on null', 'C:\\laragon\\www\\ci-web\\app\\Modules\\Dosen\\Views\\v_dosen_edit.php', 1)
 2 SYSTEMPATH\View\View.php(224): include('C:\\laragon\\www\\ci-web\\app\\Modules\\Dosen\\Views\\v_dosen_edit.php')
 3 SYSTEMPATH\View\View.php(227): CodeIgniter\View\View->CodeIgniter\View\{closure}()
 4 SYSTEMPATH\Common.php(1173): CodeIgniter\View\View->render('\\App\\Modules\\Dosen\\Views\\v_dosen_edit', [], true)
 5 APPPATH\Views\v_templates.php(307): view('\\App\\Modules\\Dosen\\Views\\v_dosen_edit')
 6 SYSTEMPATH\View\View.php(224): include('C:\\laragon\\www\\ci-web\\app\\Views\\v_templates.php')
 7 SYSTEMPATH\View\View.php(227): CodeIgniter\View\View->CodeIgniter\View\{closure}()
 8 SYSTEMPATH\Common.php(1173): CodeIgniter\View\View->render('v_templates', [], true)
 9 APPPATH\Modules\Dosen\Controllers\Dosen.php(39): view('v_templates', [...])
10 SYSTEMPATH\CodeIgniter.php(933): App\Modules\Dosen\Controllers\Dosen->edit('assets', 'images', 'notion.png')
11 SYSTEMPATH\CodeIgniter.php(507): CodeIgniter\CodeIgniter->runController(Object(App\Modules\Dosen\Controllers\Dosen))
12 SYSTEMPATH\CodeIgniter.php(354): CodeIgniter\CodeIgniter->handleRequest(null, Object(Config\Cache), false)
13 SYSTEMPATH\Boot.php(334): CodeIgniter\CodeIgniter->run()
14 SYSTEMPATH\Boot.php(67): CodeIgniter\Boot::runCodeIgniter(Object(CodeIgniter\CodeIgniter))
15 FCPATH\index.php(56): CodeIgniter\Boot::bootWeb(Object(Config\Paths))
CRITICAL - 2025-06-04 02:36:34 --> ErrorException: Attempt to read property "id_dosen" on null
[Method: GET, Route: dosen/edit/assets/images/notion.png]
in APPPATH\Modules\Dosen\Views\v_dosen_edit.php on line 1.
 1 APPPATH\Modules\Dosen\Views\v_dosen_edit.php(1): CodeIgniter\Debug\Exceptions->errorHandler(2, 'Attempt to read property "id_dosen" on null', 'C:\\laragon\\www\\ci-web\\app\\Modules\\Dosen\\Views\\v_dosen_edit.php', 1)
 2 SYSTEMPATH\View\View.php(224): include('C:\\laragon\\www\\ci-web\\app\\Modules\\Dosen\\Views\\v_dosen_edit.php')
 3 SYSTEMPATH\View\View.php(227): CodeIgniter\View\View->CodeIgniter\View\{closure}()
 4 SYSTEMPATH\Common.php(1173): CodeIgniter\View\View->render('\\App\\Modules\\Dosen\\Views\\v_dosen_edit', [], true)
 5 APPPATH\Views\v_templates.php(307): view('\\App\\Modules\\Dosen\\Views\\v_dosen_edit')
 6 SYSTEMPATH\View\View.php(224): include('C:\\laragon\\www\\ci-web\\app\\Views\\v_templates.php')
 7 SYSTEMPATH\View\View.php(227): CodeIgniter\View\View->CodeIgniter\View\{closure}()
 8 SYSTEMPATH\Common.php(1173): CodeIgniter\View\View->render('v_templates', [], true)
 9 APPPATH\Modules\Dosen\Controllers\Dosen.php(39): view('v_templates', [...])
10 SYSTEMPATH\CodeIgniter.php(933): App\Modules\Dosen\Controllers\Dosen->edit('assets', 'images', 'notion.png')
11 SYSTEMPATH\CodeIgniter.php(507): CodeIgniter\CodeIgniter->runController(Object(App\Modules\Dosen\Controllers\Dosen))
12 SYSTEMPATH\CodeIgniter.php(354): CodeIgniter\CodeIgniter->handleRequest(null, Object(Config\Cache), false)
13 SYSTEMPATH\Boot.php(334): CodeIgniter\CodeIgniter->run()
14 SYSTEMPATH\Boot.php(67): CodeIgniter\Boot::runCodeIgniter(Object(CodeIgniter\CodeIgniter))
15 FCPATH\index.php(56): CodeIgniter\Boot::bootWeb(Object(Config\Paths))
CRITICAL - 2025-06-04 03:06:36 --> ErrorException: Attempt to read property "id_dosen" on null
[Method: GET, Route: dosen/edit/assets/images/notion.png]
in APPPATH\Modules\Dosen\Views\v_dosen_edit.php on line 1.
 1 APPPATH\Modules\Dosen\Views\v_dosen_edit.php(1): CodeIgniter\Debug\Exceptions->errorHandler(2, 'Attempt to read property "id_dosen" on null', 'C:\\laragon\\www\\ci-web\\app\\Modules\\Dosen\\Views\\v_dosen_edit.php', 1)
 2 SYSTEMPATH\View\View.php(224): include('C:\\laragon\\www\\ci-web\\app\\Modules\\Dosen\\Views\\v_dosen_edit.php')
 3 SYSTEMPATH\View\View.php(227): CodeIgniter\View\View->CodeIgniter\View\{closure}()
 4 SYSTEMPATH\Common.php(1173): CodeIgniter\View\View->render('\\App\\Modules\\Dosen\\Views\\v_dosen_edit', [], true)
 5 APPPATH\Views\v_templates.php(307): view('\\App\\Modules\\Dosen\\Views\\v_dosen_edit')
 6 SYSTEMPATH\View\View.php(224): include('C:\\laragon\\www\\ci-web\\app\\Views\\v_templates.php')
 7 SYSTEMPATH\View\View.php(227): CodeIgniter\View\View->CodeIgniter\View\{closure}()
 8 SYSTEMPATH\Common.php(1173): CodeIgniter\View\View->render('v_templates', [], true)
 9 APPPATH\Modules\Dosen\Controllers\Dosen.php(39): view('v_templates', [...])
10 SYSTEMPATH\CodeIgniter.php(933): App\Modules\Dosen\Controllers\Dosen->edit('assets', 'images', 'notion.png')
11 SYSTEMPATH\CodeIgniter.php(507): CodeIgniter\CodeIgniter->runController(Object(App\Modules\Dosen\Controllers\Dosen))
12 SYSTEMPATH\CodeIgniter.php(354): CodeIgniter\CodeIgniter->handleRequest(null, Object(Config\Cache), false)
13 SYSTEMPATH\Boot.php(334): CodeIgniter\CodeIgniter->run()
14 SYSTEMPATH\Boot.php(67): CodeIgniter\Boot::runCodeIgniter(Object(CodeIgniter\CodeIgniter))
15 FCPATH\index.php(56): CodeIgniter\Boot::bootWeb(Object(Config\Paths))
CRITICAL - 2025-06-04 03:07:30 --> ErrorException: Attempt to read property "id_dosen" on null
[Method: GET, Route: dosen/edit/assets/images/notion.png]
in APPPATH\Modules\Dosen\Views\v_dosen_edit.php on line 1.
 1 APPPATH\Modules\Dosen\Views\v_dosen_edit.php(1): CodeIgniter\Debug\Exceptions->errorHandler(2, 'Attempt to read property "id_dosen" on null', 'C:\\laragon\\www\\ci-web\\app\\Modules\\Dosen\\Views\\v_dosen_edit.php', 1)
 2 SYSTEMPATH\View\View.php(224): include('C:\\laragon\\www\\ci-web\\app\\Modules\\Dosen\\Views\\v_dosen_edit.php')
 3 SYSTEMPATH\View\View.php(227): CodeIgniter\View\View->CodeIgniter\View\{closure}()
 4 SYSTEMPATH\Common.php(1173): CodeIgniter\View\View->render('\\App\\Modules\\Dosen\\Views\\v_dosen_edit', [], true)
 5 APPPATH\Views\v_templates.php(307): view('\\App\\Modules\\Dosen\\Views\\v_dosen_edit')
 6 SYSTEMPATH\View\View.php(224): include('C:\\laragon\\www\\ci-web\\app\\Views\\v_templates.php')
 7 SYSTEMPATH\View\View.php(227): CodeIgniter\View\View->CodeIgniter\View\{closure}()
 8 SYSTEMPATH\Common.php(1173): CodeIgniter\View\View->render('v_templates', [], true)
 9 APPPATH\Modules\Dosen\Controllers\Dosen.php(39): view('v_templates', [...])
10 SYSTEMPATH\CodeIgniter.php(933): App\Modules\Dosen\Controllers\Dosen->edit('assets', 'images', 'notion.png')
11 SYSTEMPATH\CodeIgniter.php(507): CodeIgniter\CodeIgniter->runController(Object(App\Modules\Dosen\Controllers\Dosen))
12 SYSTEMPATH\CodeIgniter.php(354): CodeIgniter\CodeIgniter->handleRequest(null, Object(Config\Cache), false)
13 SYSTEMPATH\Boot.php(334): CodeIgniter\CodeIgniter->run()
14 SYSTEMPATH\Boot.php(67): CodeIgniter\Boot::runCodeIgniter(Object(CodeIgniter\CodeIgniter))
15 FCPATH\index.php(56): CodeIgniter\Boot::bootWeb(Object(Config\Paths))
