CRITICAL - 2025-05-21 01:38:30 --> CodeIgniter\View\Exceptions\ViewException: Invalid file: "template.php"
[Method: GET, Route: mahasiswa/show]
in SYSTEMPATH\Exceptions\FrameworkException.php on line 39.
 1 SYSTEMPATH\View\View.php(212): CodeIgniter\Exceptions\FrameworkException::forInvalidFile('template.php')
 2 SYSTEMPATH\Common.php(1173): CodeIgniter\View\View->render('template', [], true)
 3 APPPATH\Controllers\Mahasiswa.php(65): view('template', [...])
 4 SYSTEMPATH\CodeIgniter.php(933): App\Controllers\Mahasiswa->show()
 5 SYSTEMPATH\CodeIgniter.php(507): CodeIgniter\CodeIgniter->runController(Object(App\Controllers\Mahasiswa))
 6 SYSTEMPATH\CodeIgniter.php(354): CodeIgniter\CodeIgniter->handleRequest(null, Object(Config\Cache), false)
 7 SYSTEMPATH\Boot.php(334): CodeIgniter\CodeIgniter->run()
 8 SYSTEMPATH\Boot.php(67): CodeIgniter\Boot::runCodeIgniter(Object(CodeIgniter\CodeIgniter))
 9 FCPATH\index.php(56): CodeIgniter\Boot::bootWeb(Object(Config\Paths))
CRITICAL - 2025-05-21 02:04:23 --> ErrorException: Undefined variable $getData
[Method: GET, Route: mahasiswa]
in APPPATH\Views\v_mahasiswa.php on line 18.
 1 APPPATH\Views\v_mahasiswa.php(18): CodeIgniter\Debug\Exceptions->errorHandler(2, 'Undefined variable $getData', 'C:\\laragon\\www\\ci-web\\app\\Views\\v_mahasiswa.php', 18)
 2 SYSTEMPATH\View\View.php(224): include('C:\\laragon\\www\\ci-web\\app\\Views\\v_mahasiswa.php')
 3 SYSTEMPATH\View\View.php(227): CodeIgniter\View\View->CodeIgniter\View\{closure}()
 4 SYSTEMPATH\Common.php(1173): CodeIgniter\View\View->render('v_mahasiswa', [], true)
 5 APPPATH\Views\v_templates.php(289): view('v_mahasiswa')
 6 SYSTEMPATH\View\View.php(224): include('C:\\laragon\\www\\ci-web\\app\\Views\\v_templates.php')
 7 SYSTEMPATH\View\View.php(227): CodeIgniter\View\View->CodeIgniter\View\{closure}()
 8 SYSTEMPATH\Common.php(1173): CodeIgniter\View\View->render('v_templates', [], true)
 9 APPPATH\Controllers\Mahasiswa.php(15): view('v_templates', [...])
10 SYSTEMPATH\CodeIgniter.php(933): App\Controllers\Mahasiswa->index()
11 SYSTEMPATH\CodeIgniter.php(507): CodeIgniter\CodeIgniter->runController(Object(App\Controllers\Mahasiswa))
12 SYSTEMPATH\CodeIgniter.php(354): CodeIgniter\CodeIgniter->handleRequest(null, Object(Config\Cache), false)
13 SYSTEMPATH\Boot.php(334): CodeIgniter\CodeIgniter->run()
14 SYSTEMPATH\Boot.php(67): CodeIgniter\Boot::runCodeIgniter(Object(CodeIgniter\CodeIgniter))
15 FCPATH\index.php(56): CodeIgniter\Boot::bootWeb(Object(Config\Paths))
ERROR - 2025-05-21 02:17:47 --> mysqli_sql_exception: Unknown column 'umur' in 'field list' in C:\laragon\www\ci-web\system\Database\MySQLi\Connection.php:327
Stack trace:
#0 C:\laragon\www\ci-web\system\Database\MySQLi\Connection.php(327): mysqli->query('INSERT INTO `ma...', 0)
#1 C:\laragon\www\ci-web\system\Database\BaseConnection.php(738): CodeIgniter\Database\MySQLi\Connection->execute('INSERT INTO `ma...')
#2 C:\laragon\www\ci-web\system\Database\BaseConnection.php(652): CodeIgniter\Database\BaseConnection->simpleQuery('INSERT INTO `ma...')
#3 C:\laragon\www\ci-web\system\Database\BaseBuilder.php(2345): CodeIgniter\Database\BaseConnection->query('INSERT INTO `ma...', Array, false)
#4 C:\laragon\www\ci-web\app\Models\MahasiswaModel.php(18): CodeIgniter\Database\BaseBuilder->insert(Array)
#5 C:\laragon\www\ci-web\app\Controllers\Mahasiswa.php(52): App\Models\MahasiswaModel->insertData(Array)
#6 C:\laragon\www\ci-web\system\CodeIgniter.php(933): App\Controllers\Mahasiswa->submit()
#7 C:\laragon\www\ci-web\system\CodeIgniter.php(507): CodeIgniter\CodeIgniter->runController(Object(App\Controllers\Mahasiswa))
#8 C:\laragon\www\ci-web\system\CodeIgniter.php(354): CodeIgniter\CodeIgniter->handleRequest(NULL, Object(Config\Cache), false)
#9 C:\laragon\www\ci-web\system\Boot.php(334): CodeIgniter\CodeIgniter->run()
#10 C:\laragon\www\ci-web\system\Boot.php(67): CodeIgniter\Boot::runCodeIgniter(Object(CodeIgniter\CodeIgniter))
#11 C:\laragon\www\ci-web\public\index.php(56): CodeIgniter\Boot::bootWeb(Object(Config\Paths))
#12 {main}
CRITICAL - 2025-05-21 02:17:47 --> CodeIgniter\Database\Exceptions\DatabaseException: Unknown column 'umur' in 'field list'
[Method: POST, Route: mahasiswa/submit]
in SYSTEMPATH\Database\BaseConnection.php on line 692.
 1 SYSTEMPATH\Database\BaseBuilder.php(2345): CodeIgniter\Database\BaseConnection->query('INSERT INTO `mahasiswa` (`Nim`, `Nama_Mhs`, `Jenis_Kelamin`, `Tgl_Lahir`, `umur`, `jurusan`) VALUES (:Nim:, :Nama_Mhs:, :Jenis_Kelamin:, :Tgl_Lahir:, :umur:, :jurusan:)', [...], false)
 2 APPPATH\Models\MahasiswaModel.php(18): CodeIgniter\Database\BaseBuilder->insert([...])
 3 APPPATH\Controllers\Mahasiswa.php(52): App\Models\MahasiswaModel->insertData([...])
 4 SYSTEMPATH\CodeIgniter.php(933): App\Controllers\Mahasiswa->submit()
 5 SYSTEMPATH\CodeIgniter.php(507): CodeIgniter\CodeIgniter->runController(Object(App\Controllers\Mahasiswa))
 6 SYSTEMPATH\CodeIgniter.php(354): CodeIgniter\CodeIgniter->handleRequest(null, Object(Config\Cache), false)
 7 SYSTEMPATH\Boot.php(334): CodeIgniter\CodeIgniter->run()
 8 SYSTEMPATH\Boot.php(67): CodeIgniter\Boot::runCodeIgniter(Object(CodeIgniter\CodeIgniter))
 9 FCPATH\index.php(56): CodeIgniter\Boot::bootWeb(Object(Config\Paths))
CRITICAL - 2025-05-21 02:17:47 --> [Caused by] CodeIgniter\Database\Exceptions\DatabaseException: Unknown column 'umur' in 'field list'
in SYSTEMPATH\Database\MySQLi\Connection.php on line 332.
 1 SYSTEMPATH\Database\BaseConnection.php(738): CodeIgniter\Database\MySQLi\Connection->execute('INSERT INTO `mahasiswa` (`Nim`, `Nama_Mhs`, `Jenis_Kelamin`, `Tgl_Lahir`, `umur`, `jurusan`) VALUES (\'2311016120010\', \'Shafina Ardelia\', \'Perempuan\', \'2005-06-23\', \'20\', \'Matematika\')')
 2 SYSTEMPATH\Database\BaseConnection.php(652): CodeIgniter\Database\BaseConnection->simpleQuery('INSERT INTO `mahasiswa` (`Nim`, `Nama_Mhs`, `Jenis_Kelamin`, `Tgl_Lahir`, `umur`, `jurusan`) VALUES (\'2311016120010\', \'Shafina Ardelia\', \'Perempuan\', \'2005-06-23\', \'20\', \'Matematika\')')
 3 SYSTEMPATH\Database\BaseBuilder.php(2345): CodeIgniter\Database\BaseConnection->query('INSERT INTO `mahasiswa` (`Nim`, `Nama_Mhs`, `Jenis_Kelamin`, `Tgl_Lahir`, `umur`, `jurusan`) VALUES (:Nim:, :Nama_Mhs:, :Jenis_Kelamin:, :Tgl_Lahir:, :umur:, :jurusan:)', [...], false)
 4 APPPATH\Models\MahasiswaModel.php(18): CodeIgniter\Database\BaseBuilder->insert([...])
 5 APPPATH\Controllers\Mahasiswa.php(52): App\Models\MahasiswaModel->insertData([...])
 6 SYSTEMPATH\CodeIgniter.php(933): App\Controllers\Mahasiswa->submit()
 7 SYSTEMPATH\CodeIgniter.php(507): CodeIgniter\CodeIgniter->runController(Object(App\Controllers\Mahasiswa))
 8 SYSTEMPATH\CodeIgniter.php(354): CodeIgniter\CodeIgniter->handleRequest(null, Object(Config\Cache), false)
 9 SYSTEMPATH\Boot.php(334): CodeIgniter\CodeIgniter->run()
10 SYSTEMPATH\Boot.php(67): CodeIgniter\Boot::runCodeIgniter(Object(CodeIgniter\CodeIgniter))
11 FCPATH\index.php(56): CodeIgniter\Boot::bootWeb(Object(Config\Paths))
CRITICAL - 2025-05-21 02:17:47 --> [Caused by] mysqli_sql_exception: Unknown column 'umur' in 'field list'
in SYSTEMPATH\Database\MySQLi\Connection.php on line 327.
 1 SYSTEMPATH\Database\MySQLi\Connection.php(327): mysqli->query('INSERT INTO `mahasiswa` (`Nim`, `Nama_Mhs`, `Jenis_Kelamin`, `Tgl_Lahir`, `umur`, `jurusan`) VALUES (\'2311016120010\', \'Shafina Ardelia\', \'Perempuan\', \'2005-06-23\', \'20\', \'Matematika\')', 0)
 2 SYSTEMPATH\Database\BaseConnection.php(738): CodeIgniter\Database\MySQLi\Connection->execute('INSERT INTO `mahasiswa` (`Nim`, `Nama_Mhs`, `Jenis_Kelamin`, `Tgl_Lahir`, `umur`, `jurusan`) VALUES (\'2311016120010\', \'Shafina Ardelia\', \'Perempuan\', \'2005-06-23\', \'20\', \'Matematika\')')
 3 SYSTEMPATH\Database\BaseConnection.php(652): CodeIgniter\Database\BaseConnection->simpleQuery('INSERT INTO `mahasiswa` (`Nim`, `Nama_Mhs`, `Jenis_Kelamin`, `Tgl_Lahir`, `umur`, `jurusan`) VALUES (\'2311016120010\', \'Shafina Ardelia\', \'Perempuan\', \'2005-06-23\', \'20\', \'Matematika\')')
 4 SYSTEMPATH\Database\BaseBuilder.php(2345): CodeIgniter\Database\BaseConnection->query('INSERT INTO `mahasiswa` (`Nim`, `Nama_Mhs`, `Jenis_Kelamin`, `Tgl_Lahir`, `umur`, `jurusan`) VALUES (:Nim:, :Nama_Mhs:, :Jenis_Kelamin:, :Tgl_Lahir:, :umur:, :jurusan:)', [...], false)
 5 APPPATH\Models\MahasiswaModel.php(18): CodeIgniter\Database\BaseBuilder->insert([...])
 6 APPPATH\Controllers\Mahasiswa.php(52): App\Models\MahasiswaModel->insertData([...])
 7 SYSTEMPATH\CodeIgniter.php(933): App\Controllers\Mahasiswa->submit()
 8 SYSTEMPATH\CodeIgniter.php(507): CodeIgniter\CodeIgniter->runController(Object(App\Controllers\Mahasiswa))
 9 SYSTEMPATH\CodeIgniter.php(354): CodeIgniter\CodeIgniter->handleRequest(null, Object(Config\Cache), false)
10 SYSTEMPATH\Boot.php(334): CodeIgniter\CodeIgniter->run()
11 SYSTEMPATH\Boot.php(67): CodeIgniter\Boot::runCodeIgniter(Object(CodeIgniter\CodeIgniter))
12 FCPATH\index.php(56): CodeIgniter\Boot::bootWeb(Object(Config\Paths))
ERROR - 2025-05-21 02:18:24 --> mysqli_sql_exception: Duplicate entry '231101612' for key 'mahasiswa.PRIMARY' in C:\laragon\www\ci-web\system\Database\MySQLi\Connection.php:327
Stack trace:
#0 C:\laragon\www\ci-web\system\Database\MySQLi\Connection.php(327): mysqli->query('INSERT INTO `ma...', 0)
#1 C:\laragon\www\ci-web\system\Database\BaseConnection.php(738): CodeIgniter\Database\MySQLi\Connection->execute('INSERT INTO `ma...')
#2 C:\laragon\www\ci-web\system\Database\BaseConnection.php(652): CodeIgniter\Database\BaseConnection->simpleQuery('INSERT INTO `ma...')
#3 C:\laragon\www\ci-web\system\Database\BaseBuilder.php(2345): CodeIgniter\Database\BaseConnection->query('INSERT INTO `ma...', Array, false)
#4 C:\laragon\www\ci-web\app\Models\MahasiswaModel.php(18): CodeIgniter\Database\BaseBuilder->insert(Array)
#5 C:\laragon\www\ci-web\app\Controllers\Mahasiswa.php(50): App\Models\MahasiswaModel->insertData(Array)
#6 C:\laragon\www\ci-web\system\CodeIgniter.php(933): App\Controllers\Mahasiswa->submit()
#7 C:\laragon\www\ci-web\system\CodeIgniter.php(507): CodeIgniter\CodeIgniter->runController(Object(App\Controllers\Mahasiswa))
#8 C:\laragon\www\ci-web\system\CodeIgniter.php(354): CodeIgniter\CodeIgniter->handleRequest(NULL, Object(Config\Cache), false)
#9 C:\laragon\www\ci-web\system\Boot.php(334): CodeIgniter\CodeIgniter->run()
#10 C:\laragon\www\ci-web\system\Boot.php(67): CodeIgniter\Boot::runCodeIgniter(Object(CodeIgniter\CodeIgniter))
#11 C:\laragon\www\ci-web\public\index.php(56): CodeIgniter\Boot::bootWeb(Object(Config\Paths))
#12 {main}
CRITICAL - 2025-05-21 02:18:24 --> CodeIgniter\Database\Exceptions\DatabaseException: Duplicate entry '231101612' for key 'mahasiswa.PRIMARY'
[Method: POST, Route: mahasiswa/submit]
in SYSTEMPATH\Database\BaseConnection.php on line 692.
 1 SYSTEMPATH\Database\BaseBuilder.php(2345): CodeIgniter\Database\BaseConnection->query('INSERT INTO `mahasiswa` (`Nim`, `Nama_Mhs`, `Jenis_Kelamin`, `Tgl_Lahir`) VALUES (:Nim:, :Nama_Mhs:, :Jenis_Kelamin:, :Tgl_Lahir:)', [...], false)
 2 APPPATH\Models\MahasiswaModel.php(18): CodeIgniter\Database\BaseBuilder->insert([...])
 3 APPPATH\Controllers\Mahasiswa.php(50): App\Models\MahasiswaModel->insertData([...])
 4 SYSTEMPATH\CodeIgniter.php(933): App\Controllers\Mahasiswa->submit()
 5 SYSTEMPATH\CodeIgniter.php(507): CodeIgniter\CodeIgniter->runController(Object(App\Controllers\Mahasiswa))
 6 SYSTEMPATH\CodeIgniter.php(354): CodeIgniter\CodeIgniter->handleRequest(null, Object(Config\Cache), false)
 7 SYSTEMPATH\Boot.php(334): CodeIgniter\CodeIgniter->run()
 8 SYSTEMPATH\Boot.php(67): CodeIgniter\Boot::runCodeIgniter(Object(CodeIgniter\CodeIgniter))
 9 FCPATH\index.php(56): CodeIgniter\Boot::bootWeb(Object(Config\Paths))
CRITICAL - 2025-05-21 02:18:24 --> [Caused by] CodeIgniter\Database\Exceptions\DatabaseException: Duplicate entry '231101612' for key 'mahasiswa.PRIMARY'
in SYSTEMPATH\Database\MySQLi\Connection.php on line 332.
 1 SYSTEMPATH\Database\BaseConnection.php(738): CodeIgniter\Database\MySQLi\Connection->execute('INSERT INTO `mahasiswa` (`Nim`, `Nama_Mhs`, `Jenis_Kelamin`, `Tgl_Lahir`) VALUES (\'2311016120010\', \'Shafina Ardelia\', \'Perempuan\', \'2005-06-23\')')
 2 SYSTEMPATH\Database\BaseConnection.php(652): CodeIgniter\Database\BaseConnection->simpleQuery('INSERT INTO `mahasiswa` (`Nim`, `Nama_Mhs`, `Jenis_Kelamin`, `Tgl_Lahir`) VALUES (\'2311016120010\', \'Shafina Ardelia\', \'Perempuan\', \'2005-06-23\')')
 3 SYSTEMPATH\Database\BaseBuilder.php(2345): CodeIgniter\Database\BaseConnection->query('INSERT INTO `mahasiswa` (`Nim`, `Nama_Mhs`, `Jenis_Kelamin`, `Tgl_Lahir`) VALUES (:Nim:, :Nama_Mhs:, :Jenis_Kelamin:, :Tgl_Lahir:)', [...], false)
 4 APPPATH\Models\MahasiswaModel.php(18): CodeIgniter\Database\BaseBuilder->insert([...])
 5 APPPATH\Controllers\Mahasiswa.php(50): App\Models\MahasiswaModel->insertData([...])
 6 SYSTEMPATH\CodeIgniter.php(933): App\Controllers\Mahasiswa->submit()
 7 SYSTEMPATH\CodeIgniter.php(507): CodeIgniter\CodeIgniter->runController(Object(App\Controllers\Mahasiswa))
 8 SYSTEMPATH\CodeIgniter.php(354): CodeIgniter\CodeIgniter->handleRequest(null, Object(Config\Cache), false)
 9 SYSTEMPATH\Boot.php(334): CodeIgniter\CodeIgniter->run()
10 SYSTEMPATH\Boot.php(67): CodeIgniter\Boot::runCodeIgniter(Object(CodeIgniter\CodeIgniter))
11 FCPATH\index.php(56): CodeIgniter\Boot::bootWeb(Object(Config\Paths))
CRITICAL - 2025-05-21 02:18:24 --> [Caused by] mysqli_sql_exception: Duplicate entry '231101612' for key 'mahasiswa.PRIMARY'
in SYSTEMPATH\Database\MySQLi\Connection.php on line 327.
 1 SYSTEMPATH\Database\MySQLi\Connection.php(327): mysqli->query('INSERT INTO `mahasiswa` (`Nim`, `Nama_Mhs`, `Jenis_Kelamin`, `Tgl_Lahir`) VALUES (\'2311016120010\', \'Shafina Ardelia\', \'Perempuan\', \'2005-06-23\')', 0)
 2 SYSTEMPATH\Database\BaseConnection.php(738): CodeIgniter\Database\MySQLi\Connection->execute('INSERT INTO `mahasiswa` (`Nim`, `Nama_Mhs`, `Jenis_Kelamin`, `Tgl_Lahir`) VALUES (\'2311016120010\', \'Shafina Ardelia\', \'Perempuan\', \'2005-06-23\')')
 3 SYSTEMPATH\Database\BaseConnection.php(652): CodeIgniter\Database\BaseConnection->simpleQuery('INSERT INTO `mahasiswa` (`Nim`, `Nama_Mhs`, `Jenis_Kelamin`, `Tgl_Lahir`) VALUES (\'2311016120010\', \'Shafina Ardelia\', \'Perempuan\', \'2005-06-23\')')
 4 SYSTEMPATH\Database\BaseBuilder.php(2345): CodeIgniter\Database\BaseConnection->query('INSERT INTO `mahasiswa` (`Nim`, `Nama_Mhs`, `Jenis_Kelamin`, `Tgl_Lahir`) VALUES (:Nim:, :Nama_Mhs:, :Jenis_Kelamin:, :Tgl_Lahir:)', [...], false)
 5 APPPATH\Models\MahasiswaModel.php(18): CodeIgniter\Database\BaseBuilder->insert([...])
 6 APPPATH\Controllers\Mahasiswa.php(50): App\Models\MahasiswaModel->insertData([...])
 7 SYSTEMPATH\CodeIgniter.php(933): App\Controllers\Mahasiswa->submit()
 8 SYSTEMPATH\CodeIgniter.php(507): CodeIgniter\CodeIgniter->runController(Object(App\Controllers\Mahasiswa))
 9 SYSTEMPATH\CodeIgniter.php(354): CodeIgniter\CodeIgniter->handleRequest(null, Object(Config\Cache), false)
10 SYSTEMPATH\Boot.php(334): CodeIgniter\CodeIgniter->run()
11 SYSTEMPATH\Boot.php(67): CodeIgniter\Boot::runCodeIgniter(Object(CodeIgniter\CodeIgniter))
12 FCPATH\index.php(56): CodeIgniter\Boot::bootWeb(Object(Config\Paths))
CRITICAL - 2025-05-21 02:34:33 --> ErrorException: Undefined property: stdClass::$nim
[Method: GET, Route: mahasiswa/show]
in APPPATH\Views\v_mahasiswa.php on line 28.
 1 APPPATH\Views\v_mahasiswa.php(28): CodeIgniter\Debug\Exceptions->errorHandler(2, 'Undefined property: stdClass::$nim', 'C:\\laragon\\www\\ci-web\\app\\Views\\v_mahasiswa.php', 28)
 2 SYSTEMPATH\View\View.php(224): include('C:\\laragon\\www\\ci-web\\app\\Views\\v_mahasiswa.php')
 3 SYSTEMPATH\View\View.php(227): CodeIgniter\View\View->CodeIgniter\View\{closure}()
 4 SYSTEMPATH\Common.php(1173): CodeIgniter\View\View->render('v_mahasiswa', [], true)
 5 APPPATH\Views\v_templates.php(289): view('v_mahasiswa')
 6 SYSTEMPATH\View\View.php(224): include('C:\\laragon\\www\\ci-web\\app\\Views\\v_templates.php')
 7 SYSTEMPATH\View\View.php(227): CodeIgniter\View\View->CodeIgniter\View\{closure}()
 8 SYSTEMPATH\Common.php(1173): CodeIgniter\View\View->render('v_templates', [], true)
 9 APPPATH\Controllers\Mahasiswa.php(75): view('v_templates', [...])
10 SYSTEMPATH\CodeIgniter.php(933): App\Controllers\Mahasiswa->show()
11 SYSTEMPATH\CodeIgniter.php(507): CodeIgniter\CodeIgniter->runController(Object(App\Controllers\Mahasiswa))
12 SYSTEMPATH\CodeIgniter.php(354): CodeIgniter\CodeIgniter->handleRequest(null, Object(Config\Cache), false)
13 SYSTEMPATH\Boot.php(334): CodeIgniter\CodeIgniter->run()
14 SYSTEMPATH\Boot.php(67): CodeIgniter\Boot::runCodeIgniter(Object(CodeIgniter\CodeIgniter))
15 FCPATH\index.php(56): CodeIgniter\Boot::bootWeb(Object(Config\Paths))
CRITICAL - 2025-05-21 02:45:05 --> CodeIgniter\Exceptions\BadMethodCallException: Call to undefined method App\Models\MahasiswaModel::getDataById
[Method: GET, Route: mahasiswa/edit/121301]
in SYSTEMPATH\Model.php on line 930.
 1 APPPATH\Controllers\Mahasiswa.php(84): CodeIgniter\Model->__call('getDataById', [...])
 2 SYSTEMPATH\CodeIgniter.php(933): App\Controllers\Mahasiswa->edit('121301')
 3 SYSTEMPATH\CodeIgniter.php(507): CodeIgniter\CodeIgniter->runController(Object(App\Controllers\Mahasiswa))
 4 SYSTEMPATH\CodeIgniter.php(354): CodeIgniter\CodeIgniter->handleRequest(null, Object(Config\Cache), false)
 5 SYSTEMPATH\Boot.php(334): CodeIgniter\CodeIgniter->run()
 6 SYSTEMPATH\Boot.php(67): CodeIgniter\Boot::runCodeIgniter(Object(CodeIgniter\CodeIgniter))
 7 FCPATH\index.php(56): CodeIgniter\Boot::bootWeb(Object(Config\Paths))
CRITICAL - 2025-05-21 02:46:34 --> Error: Object of class stdClass could not be converted to string
[Method: GET, Route: mahasiswa/edit/121301]
in APPPATH\Views\v_mahasiswa_edit.php on line 2.
 1 SYSTEMPATH\View\View.php(224): include()
 2 SYSTEMPATH\View\View.php(227): CodeIgniter\View\View->CodeIgniter\View\{closure}()
 3 SYSTEMPATH\Common.php(1173): CodeIgniter\View\View->render('v_mahasiswa_edit', [], true)
 4 APPPATH\Views\v_templates.php(289): view('v_mahasiswa_edit')
 5 SYSTEMPATH\View\View.php(224): include('C:\\laragon\\www\\ci-web\\app\\Views\\v_templates.php')
 6 SYSTEMPATH\View\View.php(227): CodeIgniter\View\View->CodeIgniter\View\{closure}()
 7 SYSTEMPATH\Common.php(1173): CodeIgniter\View\View->render('v_templates', [], true)
 8 APPPATH\Controllers\Mahasiswa.php(86): view('v_templates', [...])
 9 SYSTEMPATH\CodeIgniter.php(933): App\Controllers\Mahasiswa->edit('121301')
10 SYSTEMPATH\CodeIgniter.php(507): CodeIgniter\CodeIgniter->runController(Object(App\Controllers\Mahasiswa))
11 SYSTEMPATH\CodeIgniter.php(354): CodeIgniter\CodeIgniter->handleRequest(null, Object(Config\Cache), false)
12 SYSTEMPATH\Boot.php(334): CodeIgniter\CodeIgniter->run()
13 SYSTEMPATH\Boot.php(67): CodeIgniter\Boot::runCodeIgniter(Object(CodeIgniter\CodeIgniter))
14 FCPATH\index.php(56): CodeIgniter\Boot::bootWeb(Object(Config\Paths))
CRITICAL - 2025-05-21 02:47:11 --> ErrorException: Attempt to read property "Nim" on string
[Method: GET, Route: mahasiswa/edit/121301]
in APPPATH\Views\v_mahasiswa_edit.php on line 3.
 1 APPPATH\Views\v_mahasiswa_edit.php(3): CodeIgniter\Debug\Exceptions->errorHandler(2, 'Attempt to read property "Nim" on string', 'C:\\laragon\\www\\ci-web\\app\\Views\\v_mahasiswa_edit.php', 3)
 2 SYSTEMPATH\View\View.php(224): include('C:\\laragon\\www\\ci-web\\app\\Views\\v_mahasiswa_edit.php')
 3 SYSTEMPATH\View\View.php(227): CodeIgniter\View\View->CodeIgniter\View\{closure}()
 4 SYSTEMPATH\Common.php(1173): CodeIgniter\View\View->render('v_mahasiswa_edit', [], true)
 5 APPPATH\Views\v_templates.php(289): view('v_mahasiswa_edit')
 6 SYSTEMPATH\View\View.php(224): include('C:\\laragon\\www\\ci-web\\app\\Views\\v_templates.php')
 7 SYSTEMPATH\View\View.php(227): CodeIgniter\View\View->CodeIgniter\View\{closure}()
 8 SYSTEMPATH\Common.php(1173): CodeIgniter\View\View->render('v_templates', [], true)
 9 APPPATH\Controllers\Mahasiswa.php(86): view('v_templates', [...])
10 SYSTEMPATH\CodeIgniter.php(933): App\Controllers\Mahasiswa->edit('121301')
11 SYSTEMPATH\CodeIgniter.php(507): CodeIgniter\CodeIgniter->runController(Object(App\Controllers\Mahasiswa))
12 SYSTEMPATH\CodeIgniter.php(354): CodeIgniter\CodeIgniter->handleRequest(null, Object(Config\Cache), false)
13 SYSTEMPATH\Boot.php(334): CodeIgniter\CodeIgniter->run()
14 SYSTEMPATH\Boot.php(67): CodeIgniter\Boot::runCodeIgniter(Object(CodeIgniter\CodeIgniter))
15 FCPATH\index.php(56): CodeIgniter\Boot::bootWeb(Object(Config\Paths))
CRITICAL - 2025-05-21 02:51:39 --> Error: Object of class stdClass could not be converted to string
[Method: GET, Route: mahasiswa/edit/121301]
in APPPATH\Views\v_mahasiswa_edit.php on line 3.
 1 SYSTEMPATH\View\View.php(224): include()
 2 SYSTEMPATH\View\View.php(227): CodeIgniter\View\View->CodeIgniter\View\{closure}()
 3 SYSTEMPATH\Common.php(1173): CodeIgniter\View\View->render('v_mahasiswa_edit', [], true)
 4 APPPATH\Views\v_templates.php(289): view('v_mahasiswa_edit')
 5 SYSTEMPATH\View\View.php(224): include('C:\\laragon\\www\\ci-web\\app\\Views\\v_templates.php')
 6 SYSTEMPATH\View\View.php(227): CodeIgniter\View\View->CodeIgniter\View\{closure}()
 7 SYSTEMPATH\Common.php(1173): CodeIgniter\View\View->render('v_templates', [], true)
 8 APPPATH\Controllers\Mahasiswa.php(86): view('v_templates', [...])
 9 SYSTEMPATH\CodeIgniter.php(933): App\Controllers\Mahasiswa->edit('121301')
10 SYSTEMPATH\CodeIgniter.php(507): CodeIgniter\CodeIgniter->runController(Object(App\Controllers\Mahasiswa))
11 SYSTEMPATH\CodeIgniter.php(354): CodeIgniter\CodeIgniter->handleRequest(null, Object(Config\Cache), false)
12 SYSTEMPATH\Boot.php(334): CodeIgniter\CodeIgniter->run()
13 SYSTEMPATH\Boot.php(67): CodeIgniter\Boot::runCodeIgniter(Object(CodeIgniter\CodeIgniter))
14 FCPATH\index.php(56): CodeIgniter\Boot::bootWeb(Object(Config\Paths))
CRITICAL - 2025-05-21 02:56:44 --> ErrorException: Trying to access array offset on value of type null
[Method: GET, Route: mahasiswa/edit/121301]
in APPPATH\Views\v_mahasiswa_edit.php on line 3.
 1 APPPATH\Views\v_mahasiswa_edit.php(3): CodeIgniter\Debug\Exceptions->errorHandler(2, 'Trying to access array offset on value of type null', 'C:\\laragon\\www\\ci-web\\app\\Views\\v_mahasiswa_edit.php', 3)
 2 SYSTEMPATH\View\View.php(224): include('C:\\laragon\\www\\ci-web\\app\\Views\\v_mahasiswa_edit.php')
 3 SYSTEMPATH\View\View.php(227): CodeIgniter\View\View->CodeIgniter\View\{closure}()
 4 SYSTEMPATH\Common.php(1173): CodeIgniter\View\View->render('v_mahasiswa_edit', [], true)
 5 APPPATH\Views\v_templates.php(289): view('v_mahasiswa_edit')
 6 SYSTEMPATH\View\View.php(224): include('C:\\laragon\\www\\ci-web\\app\\Views\\v_templates.php')
 7 SYSTEMPATH\View\View.php(227): CodeIgniter\View\View->CodeIgniter\View\{closure}()
 8 SYSTEMPATH\Common.php(1173): CodeIgniter\View\View->render('v_templates', [], true)
 9 APPPATH\Controllers\Mahasiswa.php(86): view('v_templates', [...])
10 SYSTEMPATH\CodeIgniter.php(933): App\Controllers\Mahasiswa->edit('121301')
11 SYSTEMPATH\CodeIgniter.php(507): CodeIgniter\CodeIgniter->runController(Object(App\Controllers\Mahasiswa))
12 SYSTEMPATH\CodeIgniter.php(354): CodeIgniter\CodeIgniter->handleRequest(null, Object(Config\Cache), false)
13 SYSTEMPATH\Boot.php(334): CodeIgniter\CodeIgniter->run()
14 SYSTEMPATH\Boot.php(67): CodeIgniter\Boot::runCodeIgniter(Object(CodeIgniter\CodeIgniter))
15 FCPATH\index.php(56): CodeIgniter\Boot::bootWeb(Object(Config\Paths))
CRITICAL - 2025-05-21 03:00:40 --> ErrorException: Attempt to read property "Nim" on null
[Method: GET, Route: mahasiswa/edit/assets/images/notion.png]
in APPPATH\Views\v_mahasiswa_edit.php on line 11.
 1 APPPATH\Views\v_mahasiswa_edit.php(11): CodeIgniter\Debug\Exceptions->errorHandler(2, 'Attempt to read property "Nim" on null', 'C:\\laragon\\www\\ci-web\\app\\Views\\v_mahasiswa_edit.php', 11)
 2 SYSTEMPATH\View\View.php(224): include('C:\\laragon\\www\\ci-web\\app\\Views\\v_mahasiswa_edit.php')
 3 SYSTEMPATH\View\View.php(227): CodeIgniter\View\View->CodeIgniter\View\{closure}()
 4 SYSTEMPATH\Common.php(1173): CodeIgniter\View\View->render('v_mahasiswa_edit', [], true)
 5 APPPATH\Views\v_templates.php(289): view('v_mahasiswa_edit')
 6 SYSTEMPATH\View\View.php(224): include('C:\\laragon\\www\\ci-web\\app\\Views\\v_templates.php')
 7 SYSTEMPATH\View\View.php(227): CodeIgniter\View\View->CodeIgniter\View\{closure}()
 8 SYSTEMPATH\Common.php(1173): CodeIgniter\View\View->render('v_templates', [], true)
 9 APPPATH\Controllers\Mahasiswa.php(88): view('v_templates', [...])
10 SYSTEMPATH\CodeIgniter.php(933): App\Controllers\Mahasiswa->edit('assets', 'images', 'notion.png')
11 SYSTEMPATH\CodeIgniter.php(507): CodeIgniter\CodeIgniter->runController(Object(App\Controllers\Mahasiswa))
12 SYSTEMPATH\CodeIgniter.php(354): CodeIgniter\CodeIgniter->handleRequest(null, Object(Config\Cache), false)
13 SYSTEMPATH\Boot.php(334): CodeIgniter\CodeIgniter->run()
14 SYSTEMPATH\Boot.php(67): CodeIgniter\Boot::runCodeIgniter(Object(CodeIgniter\CodeIgniter))
15 FCPATH\index.php(56): CodeIgniter\Boot::bootWeb(Object(Config\Paths))
CRITICAL - 2025-05-21 03:02:32 --> ErrorException: Undefined property: stdClass::$Nama
[Method: GET, Route: mahasiswa/edit/121301]
in APPPATH\Views\v_mahasiswa_edit.php on line 15.
 1 APPPATH\Views\v_mahasiswa_edit.php(15): CodeIgniter\Debug\Exceptions->errorHandler(2, 'Undefined property: stdClass::$Nama', 'C:\\laragon\\www\\ci-web\\app\\Views\\v_mahasiswa_edit.php', 15)
 2 SYSTEMPATH\View\View.php(224): include('C:\\laragon\\www\\ci-web\\app\\Views\\v_mahasiswa_edit.php')
 3 SYSTEMPATH\View\View.php(227): CodeIgniter\View\View->CodeIgniter\View\{closure}()
 4 SYSTEMPATH\Common.php(1173): CodeIgniter\View\View->render('v_mahasiswa_edit', [], true)
 5 APPPATH\Views\v_templates.php(289): view('v_mahasiswa_edit')
 6 SYSTEMPATH\View\View.php(224): include('C:\\laragon\\www\\ci-web\\app\\Views\\v_templates.php')
 7 SYSTEMPATH\View\View.php(227): CodeIgniter\View\View->CodeIgniter\View\{closure}()
 8 SYSTEMPATH\Common.php(1173): CodeIgniter\View\View->render('v_templates', [], true)
 9 APPPATH\Controllers\Mahasiswa.php(88): view('v_templates', [...])
10 SYSTEMPATH\CodeIgniter.php(933): App\Controllers\Mahasiswa->edit('121301')
11 SYSTEMPATH\CodeIgniter.php(507): CodeIgniter\CodeIgniter->runController(Object(App\Controllers\Mahasiswa))
12 SYSTEMPATH\CodeIgniter.php(354): CodeIgniter\CodeIgniter->handleRequest(null, Object(Config\Cache), false)
13 SYSTEMPATH\Boot.php(334): CodeIgniter\CodeIgniter->run()
14 SYSTEMPATH\Boot.php(67): CodeIgniter\Boot::runCodeIgniter(Object(CodeIgniter\CodeIgniter))
15 FCPATH\index.php(56): CodeIgniter\Boot::bootWeb(Object(Config\Paths))
CRITICAL - 2025-05-21 03:02:54 --> ErrorException: Attempt to read property "Nim" on null
[Method: GET, Route: mahasiswa/edit/assets/images/notion.png]
in APPPATH\Views\v_mahasiswa_edit.php on line 11.
 1 APPPATH\Views\v_mahasiswa_edit.php(11): CodeIgniter\Debug\Exceptions->errorHandler(2, 'Attempt to read property "Nim" on null', 'C:\\laragon\\www\\ci-web\\app\\Views\\v_mahasiswa_edit.php', 11)
 2 SYSTEMPATH\View\View.php(224): include('C:\\laragon\\www\\ci-web\\app\\Views\\v_mahasiswa_edit.php')
 3 SYSTEMPATH\View\View.php(227): CodeIgniter\View\View->CodeIgniter\View\{closure}()
 4 SYSTEMPATH\Common.php(1173): CodeIgniter\View\View->render('v_mahasiswa_edit', [], true)
 5 APPPATH\Views\v_templates.php(289): view('v_mahasiswa_edit')
 6 SYSTEMPATH\View\View.php(224): include('C:\\laragon\\www\\ci-web\\app\\Views\\v_templates.php')
 7 SYSTEMPATH\View\View.php(227): CodeIgniter\View\View->CodeIgniter\View\{closure}()
 8 SYSTEMPATH\Common.php(1173): CodeIgniter\View\View->render('v_templates', [], true)
 9 APPPATH\Controllers\Mahasiswa.php(88): view('v_templates', [...])
10 SYSTEMPATH\CodeIgniter.php(933): App\Controllers\Mahasiswa->edit('assets', 'images', 'notion.png')
11 SYSTEMPATH\CodeIgniter.php(507): CodeIgniter\CodeIgniter->runController(Object(App\Controllers\Mahasiswa))
12 SYSTEMPATH\CodeIgniter.php(354): CodeIgniter\CodeIgniter->handleRequest(null, Object(Config\Cache), false)
13 SYSTEMPATH\Boot.php(334): CodeIgniter\CodeIgniter->run()
14 SYSTEMPATH\Boot.php(67): CodeIgniter\Boot::runCodeIgniter(Object(CodeIgniter\CodeIgniter))
15 FCPATH\index.php(56): CodeIgniter\Boot::bootWeb(Object(Config\Paths))
CRITICAL - 2025-05-21 03:03:26 --> ErrorException: Attempt to read property "Nim" on null
[Method: GET, Route: mahasiswa/edit/assets/images/notion.png]
in APPPATH\Views\v_mahasiswa_edit.php on line 11.
 1 APPPATH\Views\v_mahasiswa_edit.php(11): CodeIgniter\Debug\Exceptions->errorHandler(2, 'Attempt to read property "Nim" on null', 'C:\\laragon\\www\\ci-web\\app\\Views\\v_mahasiswa_edit.php', 11)
 2 SYSTEMPATH\View\View.php(224): include('C:\\laragon\\www\\ci-web\\app\\Views\\v_mahasiswa_edit.php')
 3 SYSTEMPATH\View\View.php(227): CodeIgniter\View\View->CodeIgniter\View\{closure}()
 4 SYSTEMPATH\Common.php(1173): CodeIgniter\View\View->render('v_mahasiswa_edit', [], true)
 5 APPPATH\Views\v_templates.php(289): view('v_mahasiswa_edit')
 6 SYSTEMPATH\View\View.php(224): include('C:\\laragon\\www\\ci-web\\app\\Views\\v_templates.php')
 7 SYSTEMPATH\View\View.php(227): CodeIgniter\View\View->CodeIgniter\View\{closure}()
 8 SYSTEMPATH\Common.php(1173): CodeIgniter\View\View->render('v_templates', [], true)
 9 APPPATH\Controllers\Mahasiswa.php(88): view('v_templates', [...])
10 SYSTEMPATH\CodeIgniter.php(933): App\Controllers\Mahasiswa->edit('assets', 'images', 'notion.png')
11 SYSTEMPATH\CodeIgniter.php(507): CodeIgniter\CodeIgniter->runController(Object(App\Controllers\Mahasiswa))
12 SYSTEMPATH\CodeIgniter.php(354): CodeIgniter\CodeIgniter->handleRequest(null, Object(Config\Cache), false)
13 SYSTEMPATH\Boot.php(334): CodeIgniter\CodeIgniter->run()
14 SYSTEMPATH\Boot.php(67): CodeIgniter\Boot::runCodeIgniter(Object(CodeIgniter\CodeIgniter))
15 FCPATH\index.php(56): CodeIgniter\Boot::bootWeb(Object(Config\Paths))
CRITICAL - 2025-05-21 03:06:35 --> ErrorException: Attempt to read property "Nim" on null
[Method: GET, Route: mahasiswa/edit/assets/images/notion.png]
in APPPATH\Views\v_mahasiswa_edit.php on line 11.
 1 APPPATH\Views\v_mahasiswa_edit.php(11): CodeIgniter\Debug\Exceptions->errorHandler(2, 'Attempt to read property "Nim" on null', 'C:\\laragon\\www\\ci-web\\app\\Views\\v_mahasiswa_edit.php', 11)
 2 SYSTEMPATH\View\View.php(224): include('C:\\laragon\\www\\ci-web\\app\\Views\\v_mahasiswa_edit.php')
 3 SYSTEMPATH\View\View.php(227): CodeIgniter\View\View->CodeIgniter\View\{closure}()
 4 SYSTEMPATH\Common.php(1173): CodeIgniter\View\View->render('v_mahasiswa_edit', [], true)
 5 APPPATH\Views\v_templates.php(289): view('v_mahasiswa_edit')
 6 SYSTEMPATH\View\View.php(224): include('C:\\laragon\\www\\ci-web\\app\\Views\\v_templates.php')
 7 SYSTEMPATH\View\View.php(227): CodeIgniter\View\View->CodeIgniter\View\{closure}()
 8 SYSTEMPATH\Common.php(1173): CodeIgniter\View\View->render('v_templates', [], true)
 9 APPPATH\Controllers\Mahasiswa.php(88): view('v_templates', [...])
10 SYSTEMPATH\CodeIgniter.php(933): App\Controllers\Mahasiswa->edit('assets', 'images', 'notion.png')
11 SYSTEMPATH\CodeIgniter.php(507): CodeIgniter\CodeIgniter->runController(Object(App\Controllers\Mahasiswa))
12 SYSTEMPATH\CodeIgniter.php(354): CodeIgniter\CodeIgniter->handleRequest(null, Object(Config\Cache), false)
13 SYSTEMPATH\Boot.php(334): CodeIgniter\CodeIgniter->run()
14 SYSTEMPATH\Boot.php(67): CodeIgniter\Boot::runCodeIgniter(Object(CodeIgniter\CodeIgniter))
15 FCPATH\index.php(56): CodeIgniter\Boot::bootWeb(Object(Config\Paths))
CRITICAL - 2025-05-21 03:07:08 --> ErrorException: Attempt to read property "Nim" on null
[Method: GET, Route: mahasiswa/edit/assets/images/notion.png]
in APPPATH\Views\v_mahasiswa_edit.php on line 11.
 1 APPPATH\Views\v_mahasiswa_edit.php(11): CodeIgniter\Debug\Exceptions->errorHandler(2, 'Attempt to read property "Nim" on null', 'C:\\laragon\\www\\ci-web\\app\\Views\\v_mahasiswa_edit.php', 11)
 2 SYSTEMPATH\View\View.php(224): include('C:\\laragon\\www\\ci-web\\app\\Views\\v_mahasiswa_edit.php')
 3 SYSTEMPATH\View\View.php(227): CodeIgniter\View\View->CodeIgniter\View\{closure}()
 4 SYSTEMPATH\Common.php(1173): CodeIgniter\View\View->render('v_mahasiswa_edit', [], true)
 5 APPPATH\Views\v_templates.php(289): view('v_mahasiswa_edit')
 6 SYSTEMPATH\View\View.php(224): include('C:\\laragon\\www\\ci-web\\app\\Views\\v_templates.php')
 7 SYSTEMPATH\View\View.php(227): CodeIgniter\View\View->CodeIgniter\View\{closure}()
 8 SYSTEMPATH\Common.php(1173): CodeIgniter\View\View->render('v_templates', [], true)
 9 APPPATH\Controllers\Mahasiswa.php(88): view('v_templates', [...])
10 SYSTEMPATH\CodeIgniter.php(933): App\Controllers\Mahasiswa->edit('assets', 'images', 'notion.png')
11 SYSTEMPATH\CodeIgniter.php(507): CodeIgniter\CodeIgniter->runController(Object(App\Controllers\Mahasiswa))
12 SYSTEMPATH\CodeIgniter.php(354): CodeIgniter\CodeIgniter->handleRequest(null, Object(Config\Cache), false)
13 SYSTEMPATH\Boot.php(334): CodeIgniter\CodeIgniter->run()
14 SYSTEMPATH\Boot.php(67): CodeIgniter\Boot::runCodeIgniter(Object(CodeIgniter\CodeIgniter))
15 FCPATH\index.php(56): CodeIgniter\Boot::bootWeb(Object(Config\Paths))
CRITICAL - 2025-05-21 03:07:14 --> ErrorException: Attempt to read property "Nim" on null
[Method: GET, Route: mahasiswa/edit/assets/images/notion.png]
in APPPATH\Views\v_mahasiswa_edit.php on line 11.
 1 APPPATH\Views\v_mahasiswa_edit.php(11): CodeIgniter\Debug\Exceptions->errorHandler(2, 'Attempt to read property "Nim" on null', 'C:\\laragon\\www\\ci-web\\app\\Views\\v_mahasiswa_edit.php', 11)
 2 SYSTEMPATH\View\View.php(224): include('C:\\laragon\\www\\ci-web\\app\\Views\\v_mahasiswa_edit.php')
 3 SYSTEMPATH\View\View.php(227): CodeIgniter\View\View->CodeIgniter\View\{closure}()
 4 SYSTEMPATH\Common.php(1173): CodeIgniter\View\View->render('v_mahasiswa_edit', [], true)
 5 APPPATH\Views\v_templates.php(289): view('v_mahasiswa_edit')
 6 SYSTEMPATH\View\View.php(224): include('C:\\laragon\\www\\ci-web\\app\\Views\\v_templates.php')
 7 SYSTEMPATH\View\View.php(227): CodeIgniter\View\View->CodeIgniter\View\{closure}()
 8 SYSTEMPATH\Common.php(1173): CodeIgniter\View\View->render('v_templates', [], true)
 9 APPPATH\Controllers\Mahasiswa.php(88): view('v_templates', [...])
10 SYSTEMPATH\CodeIgniter.php(933): App\Controllers\Mahasiswa->edit('assets', 'images', 'notion.png')
11 SYSTEMPATH\CodeIgniter.php(507): CodeIgniter\CodeIgniter->runController(Object(App\Controllers\Mahasiswa))
12 SYSTEMPATH\CodeIgniter.php(354): CodeIgniter\CodeIgniter->handleRequest(null, Object(Config\Cache), false)
13 SYSTEMPATH\Boot.php(334): CodeIgniter\CodeIgniter->run()
14 SYSTEMPATH\Boot.php(67): CodeIgniter\Boot::runCodeIgniter(Object(CodeIgniter\CodeIgniter))
15 FCPATH\index.php(56): CodeIgniter\Boot::bootWeb(Object(Config\Paths))
CRITICAL - 2025-05-21 03:08:03 --> ErrorException: Attempt to read property "Nim" on null
[Method: GET, Route: mahasiswa/edit/assets/images/notion.png]
in APPPATH\Views\v_mahasiswa_edit.php on line 11.
 1 APPPATH\Views\v_mahasiswa_edit.php(11): CodeIgniter\Debug\Exceptions->errorHandler(2, 'Attempt to read property "Nim" on null', 'C:\\laragon\\www\\ci-web\\app\\Views\\v_mahasiswa_edit.php', 11)
 2 SYSTEMPATH\View\View.php(224): include('C:\\laragon\\www\\ci-web\\app\\Views\\v_mahasiswa_edit.php')
 3 SYSTEMPATH\View\View.php(227): CodeIgniter\View\View->CodeIgniter\View\{closure}()
 4 SYSTEMPATH\Common.php(1173): CodeIgniter\View\View->render('v_mahasiswa_edit', [], true)
 5 APPPATH\Views\v_templates.php(289): view('v_mahasiswa_edit')
 6 SYSTEMPATH\View\View.php(224): include('C:\\laragon\\www\\ci-web\\app\\Views\\v_templates.php')
 7 SYSTEMPATH\View\View.php(227): CodeIgniter\View\View->CodeIgniter\View\{closure}()
 8 SYSTEMPATH\Common.php(1173): CodeIgniter\View\View->render('v_templates', [], true)
 9 APPPATH\Controllers\Mahasiswa.php(88): view('v_templates', [...])
10 SYSTEMPATH\CodeIgniter.php(933): App\Controllers\Mahasiswa->edit('assets', 'images', 'notion.png')
11 SYSTEMPATH\CodeIgniter.php(507): CodeIgniter\CodeIgniter->runController(Object(App\Controllers\Mahasiswa))
12 SYSTEMPATH\CodeIgniter.php(354): CodeIgniter\CodeIgniter->handleRequest(null, Object(Config\Cache), false)
13 SYSTEMPATH\Boot.php(334): CodeIgniter\CodeIgniter->run()
14 SYSTEMPATH\Boot.php(67): CodeIgniter\Boot::runCodeIgniter(Object(CodeIgniter\CodeIgniter))
15 FCPATH\index.php(56): CodeIgniter\Boot::bootWeb(Object(Config\Paths))
CRITICAL - 2025-05-21 03:08:34 --> ErrorException: Attempt to read property "Nim" on null
[Method: GET, Route: mahasiswa/edit/assets/images/notion.png]
in APPPATH\Views\v_mahasiswa_edit.php on line 11.
 1 APPPATH\Views\v_mahasiswa_edit.php(11): CodeIgniter\Debug\Exceptions->errorHandler(2, 'Attempt to read property "Nim" on null', 'C:\\laragon\\www\\ci-web\\app\\Views\\v_mahasiswa_edit.php', 11)
 2 SYSTEMPATH\View\View.php(224): include('C:\\laragon\\www\\ci-web\\app\\Views\\v_mahasiswa_edit.php')
 3 SYSTEMPATH\View\View.php(227): CodeIgniter\View\View->CodeIgniter\View\{closure}()
 4 SYSTEMPATH\Common.php(1173): CodeIgniter\View\View->render('v_mahasiswa_edit', [], true)
 5 APPPATH\Views\v_templates.php(289): view('v_mahasiswa_edit')
 6 SYSTEMPATH\View\View.php(224): include('C:\\laragon\\www\\ci-web\\app\\Views\\v_templates.php')
 7 SYSTEMPATH\View\View.php(227): CodeIgniter\View\View->CodeIgniter\View\{closure}()
 8 SYSTEMPATH\Common.php(1173): CodeIgniter\View\View->render('v_templates', [], true)
 9 APPPATH\Controllers\Mahasiswa.php(88): view('v_templates', [...])
10 SYSTEMPATH\CodeIgniter.php(933): App\Controllers\Mahasiswa->edit('assets', 'images', 'notion.png')
11 SYSTEMPATH\CodeIgniter.php(507): CodeIgniter\CodeIgniter->runController(Object(App\Controllers\Mahasiswa))
12 SYSTEMPATH\CodeIgniter.php(354): CodeIgniter\CodeIgniter->handleRequest(null, Object(Config\Cache), false)
13 SYSTEMPATH\Boot.php(334): CodeIgniter\CodeIgniter->run()
14 SYSTEMPATH\Boot.php(67): CodeIgniter\Boot::runCodeIgniter(Object(CodeIgniter\CodeIgniter))
15 FCPATH\index.php(56): CodeIgniter\Boot::bootWeb(Object(Config\Paths))
CRITICAL - 2025-05-21 03:10:22 --> ErrorException: Attempt to read property "Nim" on null
[Method: GET, Route: mahasiswa/edit/assets/images/notion.png]
in APPPATH\Views\v_mahasiswa_edit.php on line 11.
 1 APPPATH\Views\v_mahasiswa_edit.php(11): CodeIgniter\Debug\Exceptions->errorHandler(2, 'Attempt to read property "Nim" on null', 'C:\\laragon\\www\\ci-web\\app\\Views\\v_mahasiswa_edit.php', 11)
 2 SYSTEMPATH\View\View.php(224): include('C:\\laragon\\www\\ci-web\\app\\Views\\v_mahasiswa_edit.php')
 3 SYSTEMPATH\View\View.php(227): CodeIgniter\View\View->CodeIgniter\View\{closure}()
 4 SYSTEMPATH\Common.php(1173): CodeIgniter\View\View->render('v_mahasiswa_edit', [], true)
 5 APPPATH\Views\v_templates.php(289): view('v_mahasiswa_edit')
 6 SYSTEMPATH\View\View.php(224): include('C:\\laragon\\www\\ci-web\\app\\Views\\v_templates.php')
 7 SYSTEMPATH\View\View.php(227): CodeIgniter\View\View->CodeIgniter\View\{closure}()
 8 SYSTEMPATH\Common.php(1173): CodeIgniter\View\View->render('v_templates', [], true)
 9 APPPATH\Controllers\Mahasiswa.php(88): view('v_templates', [...])
10 SYSTEMPATH\CodeIgniter.php(933): App\Controllers\Mahasiswa->edit('assets', 'images', 'notion.png')
11 SYSTEMPATH\CodeIgniter.php(507): CodeIgniter\CodeIgniter->runController(Object(App\Controllers\Mahasiswa))
12 SYSTEMPATH\CodeIgniter.php(354): CodeIgniter\CodeIgniter->handleRequest(null, Object(Config\Cache), false)
13 SYSTEMPATH\Boot.php(334): CodeIgniter\CodeIgniter->run()
14 SYSTEMPATH\Boot.php(67): CodeIgniter\Boot::runCodeIgniter(Object(CodeIgniter\CodeIgniter))
15 FCPATH\index.php(56): CodeIgniter\Boot::bootWeb(Object(Config\Paths))
CRITICAL - 2025-05-21 03:10:38 --> ErrorException: Attempt to read property "Nim" on null
[Method: GET, Route: mahasiswa/edit/assets/images/notion.png]
in APPPATH\Views\v_mahasiswa_edit.php on line 11.
 1 APPPATH\Views\v_mahasiswa_edit.php(11): CodeIgniter\Debug\Exceptions->errorHandler(2, 'Attempt to read property "Nim" on null', 'C:\\laragon\\www\\ci-web\\app\\Views\\v_mahasiswa_edit.php', 11)
 2 SYSTEMPATH\View\View.php(224): include('C:\\laragon\\www\\ci-web\\app\\Views\\v_mahasiswa_edit.php')
 3 SYSTEMPATH\View\View.php(227): CodeIgniter\View\View->CodeIgniter\View\{closure}()
 4 SYSTEMPATH\Common.php(1173): CodeIgniter\View\View->render('v_mahasiswa_edit', [], true)
 5 APPPATH\Views\v_templates.php(289): view('v_mahasiswa_edit')
 6 SYSTEMPATH\View\View.php(224): include('C:\\laragon\\www\\ci-web\\app\\Views\\v_templates.php')
 7 SYSTEMPATH\View\View.php(227): CodeIgniter\View\View->CodeIgniter\View\{closure}()
 8 SYSTEMPATH\Common.php(1173): CodeIgniter\View\View->render('v_templates', [], true)
 9 APPPATH\Controllers\Mahasiswa.php(88): view('v_templates', [...])
10 SYSTEMPATH\CodeIgniter.php(933): App\Controllers\Mahasiswa->edit('assets', 'images', 'notion.png')
11 SYSTEMPATH\CodeIgniter.php(507): CodeIgniter\CodeIgniter->runController(Object(App\Controllers\Mahasiswa))
12 SYSTEMPATH\CodeIgniter.php(354): CodeIgniter\CodeIgniter->handleRequest(null, Object(Config\Cache), false)
13 SYSTEMPATH\Boot.php(334): CodeIgniter\CodeIgniter->run()
14 SYSTEMPATH\Boot.php(67): CodeIgniter\Boot::runCodeIgniter(Object(CodeIgniter\CodeIgniter))
15 FCPATH\index.php(56): CodeIgniter\Boot::bootWeb(Object(Config\Paths))
CRITICAL - 2025-05-21 03:15:10 --> ErrorException: Attempt to read property "Nim" on null
[Method: GET, Route: mahasiswa/edit/assets/images/notion.png]
in APPPATH\Views\v_mahasiswa_edit.php on line 9.
 1 APPPATH\Views\v_mahasiswa_edit.php(9): CodeIgniter\Debug\Exceptions->errorHandler(2, 'Attempt to read property "Nim" on null', 'C:\\laragon\\www\\ci-web\\app\\Views\\v_mahasiswa_edit.php', 9)
 2 SYSTEMPATH\View\View.php(224): include('C:\\laragon\\www\\ci-web\\app\\Views\\v_mahasiswa_edit.php')
 3 SYSTEMPATH\View\View.php(227): CodeIgniter\View\View->CodeIgniter\View\{closure}()
 4 SYSTEMPATH\Common.php(1173): CodeIgniter\View\View->render('v_mahasiswa_edit', [], true)
 5 APPPATH\Views\v_templates.php(289): view('v_mahasiswa_edit')
 6 SYSTEMPATH\View\View.php(224): include('C:\\laragon\\www\\ci-web\\app\\Views\\v_templates.php')
 7 SYSTEMPATH\View\View.php(227): CodeIgniter\View\View->CodeIgniter\View\{closure}()
 8 SYSTEMPATH\Common.php(1173): CodeIgniter\View\View->render('v_templates', [], true)
 9 APPPATH\Controllers\Mahasiswa.php(88): view('v_templates', [...])
10 SYSTEMPATH\CodeIgniter.php(933): App\Controllers\Mahasiswa->edit('assets', 'images', 'notion.png')
11 SYSTEMPATH\CodeIgniter.php(507): CodeIgniter\CodeIgniter->runController(Object(App\Controllers\Mahasiswa))
12 SYSTEMPATH\CodeIgniter.php(354): CodeIgniter\CodeIgniter->handleRequest(null, Object(Config\Cache), false)
13 SYSTEMPATH\Boot.php(334): CodeIgniter\CodeIgniter->run()
14 SYSTEMPATH\Boot.php(67): CodeIgniter\Boot::runCodeIgniter(Object(CodeIgniter\CodeIgniter))
15 FCPATH\index.php(56): CodeIgniter\Boot::bootWeb(Object(Config\Paths))
CRITICAL - 2025-05-21 03:15:18 --> ErrorException: Attempt to read property "Nim" on null
[Method: GET, Route: mahasiswa/edit/assets/images/notion.png]
in APPPATH\Views\v_mahasiswa_edit.php on line 9.
 1 APPPATH\Views\v_mahasiswa_edit.php(9): CodeIgniter\Debug\Exceptions->errorHandler(2, 'Attempt to read property "Nim" on null', 'C:\\laragon\\www\\ci-web\\app\\Views\\v_mahasiswa_edit.php', 9)
 2 SYSTEMPATH\View\View.php(224): include('C:\\laragon\\www\\ci-web\\app\\Views\\v_mahasiswa_edit.php')
 3 SYSTEMPATH\View\View.php(227): CodeIgniter\View\View->CodeIgniter\View\{closure}()
 4 SYSTEMPATH\Common.php(1173): CodeIgniter\View\View->render('v_mahasiswa_edit', [], true)
 5 APPPATH\Views\v_templates.php(289): view('v_mahasiswa_edit')
 6 SYSTEMPATH\View\View.php(224): include('C:\\laragon\\www\\ci-web\\app\\Views\\v_templates.php')
 7 SYSTEMPATH\View\View.php(227): CodeIgniter\View\View->CodeIgniter\View\{closure}()
 8 SYSTEMPATH\Common.php(1173): CodeIgniter\View\View->render('v_templates', [], true)
 9 APPPATH\Controllers\Mahasiswa.php(88): view('v_templates', [...])
10 SYSTEMPATH\CodeIgniter.php(933): App\Controllers\Mahasiswa->edit('assets', 'images', 'notion.png')
11 SYSTEMPATH\CodeIgniter.php(507): CodeIgniter\CodeIgniter->runController(Object(App\Controllers\Mahasiswa))
12 SYSTEMPATH\CodeIgniter.php(354): CodeIgniter\CodeIgniter->handleRequest(null, Object(Config\Cache), false)
13 SYSTEMPATH\Boot.php(334): CodeIgniter\CodeIgniter->run()
14 SYSTEMPATH\Boot.php(67): CodeIgniter\Boot::runCodeIgniter(Object(CodeIgniter\CodeIgniter))
15 FCPATH\index.php(56): CodeIgniter\Boot::bootWeb(Object(Config\Paths))
CRITICAL - 2025-05-21 03:15:47 --> ErrorException: Attempt to read property "Nim" on null
[Method: GET, Route: mahasiswa/edit/assets/images/notion.png]
in APPPATH\Views\v_mahasiswa_edit.php on line 9.
 1 APPPATH\Views\v_mahasiswa_edit.php(9): CodeIgniter\Debug\Exceptions->errorHandler(2, 'Attempt to read property "Nim" on null', 'C:\\laragon\\www\\ci-web\\app\\Views\\v_mahasiswa_edit.php', 9)
 2 SYSTEMPATH\View\View.php(224): include('C:\\laragon\\www\\ci-web\\app\\Views\\v_mahasiswa_edit.php')
 3 SYSTEMPATH\View\View.php(227): CodeIgniter\View\View->CodeIgniter\View\{closure}()
 4 SYSTEMPATH\Common.php(1173): CodeIgniter\View\View->render('v_mahasiswa_edit', [], true)
 5 APPPATH\Views\v_templates.php(289): view('v_mahasiswa_edit')
 6 SYSTEMPATH\View\View.php(224): include('C:\\laragon\\www\\ci-web\\app\\Views\\v_templates.php')
 7 SYSTEMPATH\View\View.php(227): CodeIgniter\View\View->CodeIgniter\View\{closure}()
 8 SYSTEMPATH\Common.php(1173): CodeIgniter\View\View->render('v_templates', [], true)
 9 APPPATH\Controllers\Mahasiswa.php(88): view('v_templates', [...])
10 SYSTEMPATH\CodeIgniter.php(933): App\Controllers\Mahasiswa->edit('assets', 'images', 'notion.png')
11 SYSTEMPATH\CodeIgniter.php(507): CodeIgniter\CodeIgniter->runController(Object(App\Controllers\Mahasiswa))
12 SYSTEMPATH\CodeIgniter.php(354): CodeIgniter\CodeIgniter->handleRequest(null, Object(Config\Cache), false)
13 SYSTEMPATH\Boot.php(334): CodeIgniter\CodeIgniter->run()
14 SYSTEMPATH\Boot.php(67): CodeIgniter\Boot::runCodeIgniter(Object(CodeIgniter\CodeIgniter))
15 FCPATH\index.php(56): CodeIgniter\Boot::bootWeb(Object(Config\Paths))
CRITICAL - 2025-05-21 03:17:07 --> ErrorException: Attempt to read property "Nim" on null
[Method: GET, Route: mahasiswa/edit/assets/images/notion.png]
in APPPATH\Views\v_mahasiswa_edit.php on line 1.
 1 APPPATH\Views\v_mahasiswa_edit.php(1): CodeIgniter\Debug\Exceptions->errorHandler(2, 'Attempt to read property "Nim" on null', 'C:\\laragon\\www\\ci-web\\app\\Views\\v_mahasiswa_edit.php', 1)
 2 SYSTEMPATH\View\View.php(224): include('C:\\laragon\\www\\ci-web\\app\\Views\\v_mahasiswa_edit.php')
 3 SYSTEMPATH\View\View.php(227): CodeIgniter\View\View->CodeIgniter\View\{closure}()
 4 SYSTEMPATH\Common.php(1173): CodeIgniter\View\View->render('v_mahasiswa_edit', [], true)
 5 APPPATH\Views\v_templates.php(289): view('v_mahasiswa_edit')
 6 SYSTEMPATH\View\View.php(224): include('C:\\laragon\\www\\ci-web\\app\\Views\\v_templates.php')
 7 SYSTEMPATH\View\View.php(227): CodeIgniter\View\View->CodeIgniter\View\{closure}()
 8 SYSTEMPATH\Common.php(1173): CodeIgniter\View\View->render('v_templates', [], true)
 9 APPPATH\Controllers\Mahasiswa.php(88): view('v_templates', [...])
10 SYSTEMPATH\CodeIgniter.php(933): App\Controllers\Mahasiswa->edit('assets', 'images', 'notion.png')
11 SYSTEMPATH\CodeIgniter.php(507): CodeIgniter\CodeIgniter->runController(Object(App\Controllers\Mahasiswa))
12 SYSTEMPATH\CodeIgniter.php(354): CodeIgniter\CodeIgniter->handleRequest(null, Object(Config\Cache), false)
13 SYSTEMPATH\Boot.php(334): CodeIgniter\CodeIgniter->run()
14 SYSTEMPATH\Boot.php(67): CodeIgniter\Boot::runCodeIgniter(Object(CodeIgniter\CodeIgniter))
15 FCPATH\index.php(56): CodeIgniter\Boot::bootWeb(Object(Config\Paths))
CRITICAL - 2025-05-21 03:18:03 --> ErrorException: Attempt to read property "Nim" on null
[Method: GET, Route: mahasiswa/edit/assets/images/notion.png]
in APPPATH\Views\v_mahasiswa_edit.php on line 1.
 1 APPPATH\Views\v_mahasiswa_edit.php(1): CodeIgniter\Debug\Exceptions->errorHandler(2, 'Attempt to read property "Nim" on null', 'C:\\laragon\\www\\ci-web\\app\\Views\\v_mahasiswa_edit.php', 1)
 2 SYSTEMPATH\View\View.php(224): include('C:\\laragon\\www\\ci-web\\app\\Views\\v_mahasiswa_edit.php')
 3 SYSTEMPATH\View\View.php(227): CodeIgniter\View\View->CodeIgniter\View\{closure}()
 4 SYSTEMPATH\Common.php(1173): CodeIgniter\View\View->render('v_mahasiswa_edit', [], true)
 5 APPPATH\Views\v_templates.php(289): view('v_mahasiswa_edit')
 6 SYSTEMPATH\View\View.php(224): include('C:\\laragon\\www\\ci-web\\app\\Views\\v_templates.php')
 7 SYSTEMPATH\View\View.php(227): CodeIgniter\View\View->CodeIgniter\View\{closure}()
 8 SYSTEMPATH\Common.php(1173): CodeIgniter\View\View->render('v_templates', [], true)
 9 APPPATH\Controllers\Mahasiswa.php(88): view('v_templates', [...])
10 SYSTEMPATH\CodeIgniter.php(933): App\Controllers\Mahasiswa->edit('assets', 'images', 'notion.png')
11 SYSTEMPATH\CodeIgniter.php(507): CodeIgniter\CodeIgniter->runController(Object(App\Controllers\Mahasiswa))
12 SYSTEMPATH\CodeIgniter.php(354): CodeIgniter\CodeIgniter->handleRequest(null, Object(Config\Cache), false)
13 SYSTEMPATH\Boot.php(334): CodeIgniter\CodeIgniter->run()
14 SYSTEMPATH\Boot.php(67): CodeIgniter\Boot::runCodeIgniter(Object(CodeIgniter\CodeIgniter))
15 FCPATH\index.php(56): CodeIgniter\Boot::bootWeb(Object(Config\Paths))
CRITICAL - 2025-05-21 03:19:03 --> ErrorException: Attempt to read property "Nim" on null
[Method: GET, Route: mahasiswa/edit/assets/images/notion.png]
in APPPATH\Views\v_mahasiswa_edit.php on line 1.
 1 APPPATH\Views\v_mahasiswa_edit.php(1): CodeIgniter\Debug\Exceptions->errorHandler(2, 'Attempt to read property "Nim" on null', 'C:\\laragon\\www\\ci-web\\app\\Views\\v_mahasiswa_edit.php', 1)
 2 SYSTEMPATH\View\View.php(224): include('C:\\laragon\\www\\ci-web\\app\\Views\\v_mahasiswa_edit.php')
 3 SYSTEMPATH\View\View.php(227): CodeIgniter\View\View->CodeIgniter\View\{closure}()
 4 SYSTEMPATH\Common.php(1173): CodeIgniter\View\View->render('v_mahasiswa_edit', [], true)
 5 APPPATH\Views\v_templates.php(289): view('v_mahasiswa_edit')
 6 SYSTEMPATH\View\View.php(224): include('C:\\laragon\\www\\ci-web\\app\\Views\\v_templates.php')
 7 SYSTEMPATH\View\View.php(227): CodeIgniter\View\View->CodeIgniter\View\{closure}()
 8 SYSTEMPATH\Common.php(1173): CodeIgniter\View\View->render('v_templates', [], true)
 9 APPPATH\Controllers\Mahasiswa.php(88): view('v_templates', [...])
10 SYSTEMPATH\CodeIgniter.php(933): App\Controllers\Mahasiswa->edit('assets', 'images', 'notion.png')
11 SYSTEMPATH\CodeIgniter.php(507): CodeIgniter\CodeIgniter->runController(Object(App\Controllers\Mahasiswa))
12 SYSTEMPATH\CodeIgniter.php(354): CodeIgniter\CodeIgniter->handleRequest(null, Object(Config\Cache), false)
13 SYSTEMPATH\Boot.php(334): CodeIgniter\CodeIgniter->run()
14 SYSTEMPATH\Boot.php(67): CodeIgniter\Boot::runCodeIgniter(Object(CodeIgniter\CodeIgniter))
15 FCPATH\index.php(56): CodeIgniter\Boot::bootWeb(Object(Config\Paths))
CRITICAL - 2025-05-21 03:20:28 --> ArgumentCountError: Too few arguments to function App\Controllers\Mahasiswa::edit(), 0 passed in C:\laragon\www\ci-web\system\CodeIgniter.php on line 933 and exactly 1 expected
[Method: GET, Route: mahasiswa/edit]
in APPPATH\Controllers\Mahasiswa.php on line 79.
 1 SYSTEMPATH\CodeIgniter.php(933): App\Controllers\Mahasiswa->edit()
 2 SYSTEMPATH\CodeIgniter.php(507): CodeIgniter\CodeIgniter->runController(Object(App\Controllers\Mahasiswa))
 3 SYSTEMPATH\CodeIgniter.php(354): CodeIgniter\CodeIgniter->handleRequest(null, Object(Config\Cache), false)
 4 SYSTEMPATH\Boot.php(334): CodeIgniter\CodeIgniter->run()
 5 SYSTEMPATH\Boot.php(67): CodeIgniter\Boot::runCodeIgniter(Object(CodeIgniter\CodeIgniter))
 6 FCPATH\index.php(56): CodeIgniter\Boot::bootWeb(Object(Config\Paths))
CRITICAL - 2025-05-21 03:20:42 --> ErrorException: Attempt to read property "Nim" on null
[Method: GET, Route: mahasiswa/edit/assets/images/notion.png]
in APPPATH\Views\v_mahasiswa_edit.php on line 1.
 1 APPPATH\Views\v_mahasiswa_edit.php(1): CodeIgniter\Debug\Exceptions->errorHandler(2, 'Attempt to read property "Nim" on null', 'C:\\laragon\\www\\ci-web\\app\\Views\\v_mahasiswa_edit.php', 1)
 2 SYSTEMPATH\View\View.php(224): include('C:\\laragon\\www\\ci-web\\app\\Views\\v_mahasiswa_edit.php')
 3 SYSTEMPATH\View\View.php(227): CodeIgniter\View\View->CodeIgniter\View\{closure}()
 4 SYSTEMPATH\Common.php(1173): CodeIgniter\View\View->render('v_mahasiswa_edit', [], true)
 5 APPPATH\Views\v_templates.php(289): view('v_mahasiswa_edit')
 6 SYSTEMPATH\View\View.php(224): include('C:\\laragon\\www\\ci-web\\app\\Views\\v_templates.php')
 7 SYSTEMPATH\View\View.php(227): CodeIgniter\View\View->CodeIgniter\View\{closure}()
 8 SYSTEMPATH\Common.php(1173): CodeIgniter\View\View->render('v_templates', [], true)
 9 APPPATH\Controllers\Mahasiswa.php(88): view('v_templates', [...])
10 SYSTEMPATH\CodeIgniter.php(933): App\Controllers\Mahasiswa->edit('assets', 'images', 'notion.png')
11 SYSTEMPATH\CodeIgniter.php(507): CodeIgniter\CodeIgniter->runController(Object(App\Controllers\Mahasiswa))
12 SYSTEMPATH\CodeIgniter.php(354): CodeIgniter\CodeIgniter->handleRequest(null, Object(Config\Cache), false)
13 SYSTEMPATH\Boot.php(334): CodeIgniter\CodeIgniter->run()
14 SYSTEMPATH\Boot.php(67): CodeIgniter\Boot::runCodeIgniter(Object(CodeIgniter\CodeIgniter))
15 FCPATH\index.php(56): CodeIgniter\Boot::bootWeb(Object(Config\Paths))
CRITICAL - 2025-05-21 03:24:31 --> ArgumentCountError: Too few arguments to function App\Controllers\Mahasiswa::delete(), 0 passed in C:\laragon\www\ci-web\system\CodeIgniter.php on line 933 and exactly 1 expected
[Method: GET, Route: mahasiswa/delete]
in APPPATH\Controllers\Mahasiswa.php on line 123.
 1 SYSTEMPATH\CodeIgniter.php(933): App\Controllers\Mahasiswa->delete()
 2 SYSTEMPATH\CodeIgniter.php(507): CodeIgniter\CodeIgniter->runController(Object(App\Controllers\Mahasiswa))
 3 SYSTEMPATH\CodeIgniter.php(354): CodeIgniter\CodeIgniter->handleRequest(null, Object(Config\Cache), false)
 4 SYSTEMPATH\Boot.php(334): CodeIgniter\CodeIgniter->run()
 5 SYSTEMPATH\Boot.php(67): CodeIgniter\Boot::runCodeIgniter(Object(CodeIgniter\CodeIgniter))
 6 FCPATH\index.php(56): CodeIgniter\Boot::bootWeb(Object(Config\Paths))
CRITICAL - 2025-05-21 03:25:05 --> CodeIgniter\Exceptions\BadMethodCallException: Call to undefined method App\Models\MahasiswaModel::deleteData
[Method: GET, Route: mahasiswa/delete/13521]
in SYSTEMPATH\Model.php on line 930.
 1 APPPATH\Controllers\Mahasiswa.php(125): CodeIgniter\Model->__call('deleteData', [...])
 2 SYSTEMPATH\CodeIgniter.php(933): App\Controllers\Mahasiswa->delete('13521')
 3 SYSTEMPATH\CodeIgniter.php(507): CodeIgniter\CodeIgniter->runController(Object(App\Controllers\Mahasiswa))
 4 SYSTEMPATH\CodeIgniter.php(354): CodeIgniter\CodeIgniter->handleRequest(null, Object(Config\Cache), false)
 5 SYSTEMPATH\Boot.php(334): CodeIgniter\CodeIgniter->run()
 6 SYSTEMPATH\Boot.php(67): CodeIgniter\Boot::runCodeIgniter(Object(CodeIgniter\CodeIgniter))
 7 FCPATH\index.php(56): CodeIgniter\Boot::bootWeb(Object(Config\Paths))
CRITICAL - 2025-05-21 03:26:14 --> ParseError: Unmatched '}'
[Method: GET, Route: mahasiswa/show]
in APPPATH\Views\v_mahasiswa.php on line 39.
 1 SYSTEMPATH\View\View.php(227): CodeIgniter\View\View->CodeIgniter\View\{closure}()
 2 SYSTEMPATH\Common.php(1173): CodeIgniter\View\View->render('v_mahasiswa', [], true)
 3 APPPATH\Views\v_templates.php(289): view('v_mahasiswa')
 4 SYSTEMPATH\View\View.php(224): include('C:\\laragon\\www\\ci-web\\app\\Views\\v_templates.php')
 5 SYSTEMPATH\View\View.php(227): CodeIgniter\View\View->CodeIgniter\View\{closure}()
 6 SYSTEMPATH\Common.php(1173): CodeIgniter\View\View->render('v_templates', [], true)
 7 APPPATH\Controllers\Mahasiswa.php(76): view('v_templates', [...])
 8 SYSTEMPATH\CodeIgniter.php(933): App\Controllers\Mahasiswa->show()
 9 SYSTEMPATH\CodeIgniter.php(507): CodeIgniter\CodeIgniter->runController(Object(App\Controllers\Mahasiswa))
10 SYSTEMPATH\CodeIgniter.php(354): CodeIgniter\CodeIgniter->handleRequest(null, Object(Config\Cache), false)
11 SYSTEMPATH\Boot.php(334): CodeIgniter\CodeIgniter->run()
12 SYSTEMPATH\Boot.php(67): CodeIgniter\Boot::runCodeIgniter(Object(CodeIgniter\CodeIgniter))
13 FCPATH\index.php(56): CodeIgniter\Boot::bootWeb(Object(Config\Paths))
