ERROR - 2025-06-11 02:03:56 --> mysqli_sql_exception: You have an error in your SQL syntax; check the manual that corresponds to your MySQL server version for the right syntax to use near 'FROM `produk`
JOIN `kategori` ON `kategori`.`id` = `produk`.`kategori_id`' at line 2 in C:\laragon\www\ci-web\system\Database\MySQLi\Connection.php:327
Stack trace:
#0 C:\laragon\www\ci-web\system\Database\MySQLi\Connection.php(327): mysqli->query('SELECT `produk`...', 0)
#1 C:\laragon\www\ci-web\system\Database\BaseConnection.php(738): CodeIgniter\Database\MySQLi\Connection->execute('SELECT `produk`...')
#2 C:\laragon\www\ci-web\system\Database\BaseConnection.php(652): CodeIgniter\Database\BaseConnection->simpleQuery('SELECT `produk`...')
#3 C:\laragon\www\ci-web\system\Database\BaseBuilder.php(1649): CodeIgniter\Database\BaseConnection->query('SELECT `produk`...', Array, false)
#4 C:\laragon\www\ci-web\app\Modules\Produk\Models\ProdukModel.php(16): CodeIgniter\Database\BaseBuilder->get()
#5 C:\laragon\www\ci-web\app\Modules\Produk\Controllers\Produk.php(15): App\Modules\Produk\Models\ProdukModel->getAllData()
#6 C:\laragon\www\ci-web\system\CodeIgniter.php(933): App\Modules\Produk\Controllers\Produk->index()
#7 C:\laragon\www\ci-web\system\CodeIgniter.php(507): CodeIgniter\CodeIgniter->runController(Object(App\Modules\Produk\Controllers\Produk))
#8 C:\laragon\www\ci-web\system\CodeIgniter.php(354): CodeIgniter\CodeIgniter->handleRequest(NULL, Object(Config\Cache), false)
#9 C:\laragon\www\ci-web\system\Boot.php(334): CodeIgniter\CodeIgniter->run()
#10 C:\laragon\www\ci-web\system\Boot.php(67): CodeIgniter\Boot::runCodeIgniter(Object(CodeIgniter\CodeIgniter))
#11 C:\laragon\www\ci-web\public\index.php(56): CodeIgniter\Boot::bootWeb(Object(Config\Paths))
#12 {main}
CRITICAL - 2025-06-11 02:03:56 --> CodeIgniter\Database\Exceptions\DatabaseException: You have an error in your SQL syntax; check the manual that corresponds to your MySQL server version for the right syntax to use near 'FROM `produk`
JOIN `kategori` ON `kategori`.`id` = `produk`.`kategori_id`' at line 2
[Method: GET, Route: produk]
in SYSTEMPATH\Database\BaseConnection.php on line 692.
 1 SYSTEMPATH\Database\BaseBuilder.php(1649): CodeIgniter\Database\BaseConnection->query('SELECT `produk`.
FROM `produk`
JOIN `kategori` ON `kategori`.`id` = `produk`.`kategori_id`', [], false)
 2 APPPATH\Modules\Produk\Models\ProdukModel.php(16): CodeIgniter\Database\BaseBuilder->get()
 3 APPPATH\Modules\Produk\Controllers\Produk.php(15): App\Modules\Produk\Models\ProdukModel->getAllData()
 4 SYSTEMPATH\CodeIgniter.php(933): App\Modules\Produk\Controllers\Produk->index()
 5 SYSTEMPATH\CodeIgniter.php(507): CodeIgniter\CodeIgniter->runController(Object(App\Modules\Produk\Controllers\Produk))
 6 SYSTEMPATH\CodeIgniter.php(354): CodeIgniter\CodeIgniter->handleRequest(null, Object(Config\Cache), false)
 7 SYSTEMPATH\Boot.php(334): CodeIgniter\CodeIgniter->run()
 8 SYSTEMPATH\Boot.php(67): CodeIgniter\Boot::runCodeIgniter(Object(CodeIgniter\CodeIgniter))
 9 FCPATH\index.php(56): CodeIgniter\Boot::bootWeb(Object(Config\Paths))
CRITICAL - 2025-06-11 02:03:56 --> [Caused by] CodeIgniter\Database\Exceptions\DatabaseException: You have an error in your SQL syntax; check the manual that corresponds to your MySQL server version for the right syntax to use near 'FROM `produk`
JOIN `kategori` ON `kategori`.`id` = `produk`.`kategori_id`' at line 2
in SYSTEMPATH\Database\MySQLi\Connection.php on line 332.
 1 SYSTEMPATH\Database\BaseConnection.php(738): CodeIgniter\Database\MySQLi\Connection->execute('SELECT `produk`.
FROM `produk`
JOIN `kategori` ON `kategori`.`id` = `produk`.`kategori_id`')
 2 SYSTEMPATH\Database\BaseConnection.php(652): CodeIgniter\Database\BaseConnection->simpleQuery('SELECT `produk`.
FROM `produk`
JOIN `kategori` ON `kategori`.`id` = `produk`.`kategori_id`')
 3 SYSTEMPATH\Database\BaseBuilder.php(1649): CodeIgniter\Database\BaseConnection->query('SELECT `produk`.
FROM `produk`
JOIN `kategori` ON `kategori`.`id` = `produk`.`kategori_id`', [], false)
 4 APPPATH\Modules\Produk\Models\ProdukModel.php(16): CodeIgniter\Database\BaseBuilder->get()
 5 APPPATH\Modules\Produk\Controllers\Produk.php(15): App\Modules\Produk\Models\ProdukModel->getAllData()
 6 SYSTEMPATH\CodeIgniter.php(933): App\Modules\Produk\Controllers\Produk->index()
 7 SYSTEMPATH\CodeIgniter.php(507): CodeIgniter\CodeIgniter->runController(Object(App\Modules\Produk\Controllers\Produk))
 8 SYSTEMPATH\CodeIgniter.php(354): CodeIgniter\CodeIgniter->handleRequest(null, Object(Config\Cache), false)
 9 SYSTEMPATH\Boot.php(334): CodeIgniter\CodeIgniter->run()
10 SYSTEMPATH\Boot.php(67): CodeIgniter\Boot::runCodeIgniter(Object(CodeIgniter\CodeIgniter))
11 FCPATH\index.php(56): CodeIgniter\Boot::bootWeb(Object(Config\Paths))
CRITICAL - 2025-06-11 02:03:56 --> [Caused by] mysqli_sql_exception: You have an error in your SQL syntax; check the manual that corresponds to your MySQL server version for the right syntax to use near 'FROM `produk`
JOIN `kategori` ON `kategori`.`id` = `produk`.`kategori_id`' at line 2
in SYSTEMPATH\Database\MySQLi\Connection.php on line 327.
 1 SYSTEMPATH\Database\MySQLi\Connection.php(327): mysqli->query('SELECT `produk`.
FROM `produk`
JOIN `kategori` ON `kategori`.`id` = `produk`.`kategori_id`', 0)
 2 SYSTEMPATH\Database\BaseConnection.php(738): CodeIgniter\Database\MySQLi\Connection->execute('SELECT `produk`.
FROM `produk`
JOIN `kategori` ON `kategori`.`id` = `produk`.`kategori_id`')
 3 SYSTEMPATH\Database\BaseConnection.php(652): CodeIgniter\Database\BaseConnection->simpleQuery('SELECT `produk`.
FROM `produk`
JOIN `kategori` ON `kategori`.`id` = `produk`.`kategori_id`')
 4 SYSTEMPATH\Database\BaseBuilder.php(1649): CodeIgniter\Database\BaseConnection->query('SELECT `produk`.
FROM `produk`
JOIN `kategori` ON `kategori`.`id` = `produk`.`kategori_id`', [], false)
 5 APPPATH\Modules\Produk\Models\ProdukModel.php(16): CodeIgniter\Database\BaseBuilder->get()
 6 APPPATH\Modules\Produk\Controllers\Produk.php(15): App\Modules\Produk\Models\ProdukModel->getAllData()
 7 SYSTEMPATH\CodeIgniter.php(933): App\Modules\Produk\Controllers\Produk->index()
 8 SYSTEMPATH\CodeIgniter.php(507): CodeIgniter\CodeIgniter->runController(Object(App\Modules\Produk\Controllers\Produk))
 9 SYSTEMPATH\CodeIgniter.php(354): CodeIgniter\CodeIgniter->handleRequest(null, Object(Config\Cache), false)
10 SYSTEMPATH\Boot.php(334): CodeIgniter\CodeIgniter->run()
11 SYSTEMPATH\Boot.php(67): CodeIgniter\Boot::runCodeIgniter(Object(CodeIgniter\CodeIgniter))
12 FCPATH\index.php(56): CodeIgniter\Boot::bootWeb(Object(Config\Paths))
ERROR - 2025-06-11 03:04:58 --> mysqli_sql_exception: Unknown column 'created_at' in 'field list' in C:\laragon\www\ci-web\system\Database\MySQLi\Connection.php:327
Stack trace:
#0 C:\laragon\www\ci-web\system\Database\MySQLi\Connection.php(327): mysqli->query('INSERT INTO `pr...', 0)
#1 C:\laragon\www\ci-web\system\Database\BaseConnection.php(738): CodeIgniter\Database\MySQLi\Connection->execute('INSERT INTO `pr...')
#2 C:\laragon\www\ci-web\system\Database\BaseConnection.php(652): CodeIgniter\Database\BaseConnection->simpleQuery('INSERT INTO `pr...')
#3 C:\laragon\www\ci-web\system\Database\BaseBuilder.php(2345): CodeIgniter\Database\BaseConnection->query('INSERT INTO `pr...', Array, false)
#4 C:\laragon\www\ci-web\system\Model.php(394): CodeIgniter\Database\BaseBuilder->insert()
#5 C:\laragon\www\ci-web\system\BaseModel.php(839): CodeIgniter\Model->doInsert(Array)
#6 C:\laragon\www\ci-web\system\Model.php(800): CodeIgniter\BaseModel->insert(Array, true)
#7 C:\laragon\www\ci-web\app\Modules\Produk\Controllers\Produk.php(30): CodeIgniter\Model->insert(Array)
#8 C:\laragon\www\ci-web\system\CodeIgniter.php(933): App\Modules\Produk\Controllers\Produk->create()
#9 C:\laragon\www\ci-web\system\CodeIgniter.php(507): CodeIgniter\CodeIgniter->runController(Object(App\Modules\Produk\Controllers\Produk))
#10 C:\laragon\www\ci-web\system\CodeIgniter.php(354): CodeIgniter\CodeIgniter->handleRequest(NULL, Object(Config\Cache), false)
#11 C:\laragon\www\ci-web\system\Boot.php(334): CodeIgniter\CodeIgniter->run()
#12 C:\laragon\www\ci-web\system\Boot.php(67): CodeIgniter\Boot::runCodeIgniter(Object(CodeIgniter\CodeIgniter))
#13 C:\laragon\www\ci-web\public\index.php(56): CodeIgniter\Boot::bootWeb(Object(Config\Paths))
#14 {main}
CRITICAL - 2025-06-11 03:04:58 --> CodeIgniter\Database\Exceptions\DatabaseException: Unknown column 'created_at' in 'field list'
[Method: POST, Route: produk]
in SYSTEMPATH\Database\BaseConnection.php on line 692.
 1 SYSTEMPATH\Database\BaseBuilder.php(2345): CodeIgniter\Database\BaseConnection->query('INSERT INTO `produk` (`kategori_id`, `nama`, `harga`, `stok`, `created_at`, `updated_at`) VALUES (:kategori_id:, :nama:, :harga:, :stok:, :created_at:, :updated_at:)', [...], false)
 2 SYSTEMPATH\Model.php(394): CodeIgniter\Database\BaseBuilder->insert()
 3 SYSTEMPATH\BaseModel.php(839): CodeIgniter\Model->doInsert([...])
 4 SYSTEMPATH\Model.php(800): CodeIgniter\BaseModel->insert([...], true)
 5 APPPATH\Modules\Produk\Controllers\Produk.php(30): CodeIgniter\Model->insert([...])
 6 SYSTEMPATH\CodeIgniter.php(933): App\Modules\Produk\Controllers\Produk->create()
 7 SYSTEMPATH\CodeIgniter.php(507): CodeIgniter\CodeIgniter->runController(Object(App\Modules\Produk\Controllers\Produk))
 8 SYSTEMPATH\CodeIgniter.php(354): CodeIgniter\CodeIgniter->handleRequest(null, Object(Config\Cache), false)
 9 SYSTEMPATH\Boot.php(334): CodeIgniter\CodeIgniter->run()
10 SYSTEMPATH\Boot.php(67): CodeIgniter\Boot::runCodeIgniter(Object(CodeIgniter\CodeIgniter))
11 FCPATH\index.php(56): CodeIgniter\Boot::bootWeb(Object(Config\Paths))
CRITICAL - 2025-06-11 03:04:58 --> [Caused by] CodeIgniter\Database\Exceptions\DatabaseException: Unknown column 'created_at' in 'field list'
in SYSTEMPATH\Database\MySQLi\Connection.php on line 332.
 1 SYSTEMPATH\Database\BaseConnection.php(738): CodeIgniter\Database\MySQLi\Connection->execute('INSERT INTO `produk` (`kategori_id`, `nama`, `harga`, `stok`, `created_at`, `updated_at`) VALUES (\'1\', \'Banana\', \'10000\', \'100\', \'2025-06-11 03:04:58\', \'2025-06-11 03:04:58\')')
 2 SYSTEMPATH\Database\BaseConnection.php(652): CodeIgniter\Database\BaseConnection->simpleQuery('INSERT INTO `produk` (`kategori_id`, `nama`, `harga`, `stok`, `created_at`, `updated_at`) VALUES (\'1\', \'Banana\', \'10000\', \'100\', \'2025-06-11 03:04:58\', \'2025-06-11 03:04:58\')')
 3 SYSTEMPATH\Database\BaseBuilder.php(2345): CodeIgniter\Database\BaseConnection->query('INSERT INTO `produk` (`kategori_id`, `nama`, `harga`, `stok`, `created_at`, `updated_at`) VALUES (:kategori_id:, :nama:, :harga:, :stok:, :created_at:, :updated_at:)', [...], false)
 4 SYSTEMPATH\Model.php(394): CodeIgniter\Database\BaseBuilder->insert()
 5 SYSTEMPATH\BaseModel.php(839): CodeIgniter\Model->doInsert([...])
 6 SYSTEMPATH\Model.php(800): CodeIgniter\BaseModel->insert([...], true)
 7 APPPATH\Modules\Produk\Controllers\Produk.php(30): CodeIgniter\Model->insert([...])
 8 SYSTEMPATH\CodeIgniter.php(933): App\Modules\Produk\Controllers\Produk->create()
 9 SYSTEMPATH\CodeIgniter.php(507): CodeIgniter\CodeIgniter->runController(Object(App\Modules\Produk\Controllers\Produk))
10 SYSTEMPATH\CodeIgniter.php(354): CodeIgniter\CodeIgniter->handleRequest(null, Object(Config\Cache), false)
11 SYSTEMPATH\Boot.php(334): CodeIgniter\CodeIgniter->run()
12 SYSTEMPATH\Boot.php(67): CodeIgniter\Boot::runCodeIgniter(Object(CodeIgniter\CodeIgniter))
13 FCPATH\index.php(56): CodeIgniter\Boot::bootWeb(Object(Config\Paths))
CRITICAL - 2025-06-11 03:04:58 --> [Caused by] mysqli_sql_exception: Unknown column 'created_at' in 'field list'
in SYSTEMPATH\Database\MySQLi\Connection.php on line 327.
 1 SYSTEMPATH\Database\MySQLi\Connection.php(327): mysqli->query('INSERT INTO `produk` (`kategori_id`, `nama`, `harga`, `stok`, `created_at`, `updated_at`) VALUES (\'1\', \'Banana\', \'10000\', \'100\', \'2025-06-11 03:04:58\', \'2025-06-11 03:04:58\')', 0)
 2 SYSTEMPATH\Database\BaseConnection.php(738): CodeIgniter\Database\MySQLi\Connection->execute('INSERT INTO `produk` (`kategori_id`, `nama`, `harga`, `stok`, `created_at`, `updated_at`) VALUES (\'1\', \'Banana\', \'10000\', \'100\', \'2025-06-11 03:04:58\', \'2025-06-11 03:04:58\')')
 3 SYSTEMPATH\Database\BaseConnection.php(652): CodeIgniter\Database\BaseConnection->simpleQuery('INSERT INTO `produk` (`kategori_id`, `nama`, `harga`, `stok`, `created_at`, `updated_at`) VALUES (\'1\', \'Banana\', \'10000\', \'100\', \'2025-06-11 03:04:58\', \'2025-06-11 03:04:58\')')
 4 SYSTEMPATH\Database\BaseBuilder.php(2345): CodeIgniter\Database\BaseConnection->query('INSERT INTO `produk` (`kategori_id`, `nama`, `harga`, `stok`, `created_at`, `updated_at`) VALUES (:kategori_id:, :nama:, :harga:, :stok:, :created_at:, :updated_at:)', [...], false)
 5 SYSTEMPATH\Model.php(394): CodeIgniter\Database\BaseBuilder->insert()
 6 SYSTEMPATH\BaseModel.php(839): CodeIgniter\Model->doInsert([...])
 7 SYSTEMPATH\Model.php(800): CodeIgniter\BaseModel->insert([...], true)
 8 APPPATH\Modules\Produk\Controllers\Produk.php(30): CodeIgniter\Model->insert([...])
 9 SYSTEMPATH\CodeIgniter.php(933): App\Modules\Produk\Controllers\Produk->create()
10 SYSTEMPATH\CodeIgniter.php(507): CodeIgniter\CodeIgniter->runController(Object(App\Modules\Produk\Controllers\Produk))
11 SYSTEMPATH\CodeIgniter.php(354): CodeIgniter\CodeIgniter->handleRequest(null, Object(Config\Cache), false)
12 SYSTEMPATH\Boot.php(334): CodeIgniter\CodeIgniter->run()
13 SYSTEMPATH\Boot.php(67): CodeIgniter\Boot::runCodeIgniter(Object(CodeIgniter\CodeIgniter))
14 FCPATH\index.php(56): CodeIgniter\Boot::bootWeb(Object(Config\Paths))
CRITICAL - 2025-06-11 03:13:10 --> CodeIgniter\Exceptions\BadMethodCallException: Call to undefined method App\Modules\Produk\Models\ProdukModel::getDataById
[Method: GET, Route: produk/2]
in SYSTEMPATH\Model.php on line 930.
 1 APPPATH\Modules\Produk\Controllers\Produk.php(23): CodeIgniter\Model->__call('getDataById', [...])
 2 SYSTEMPATH\CodeIgniter.php(933): App\Modules\Produk\Controllers\Produk->show('2')
 3 SYSTEMPATH\CodeIgniter.php(507): CodeIgniter\CodeIgniter->runController(Object(App\Modules\Produk\Controllers\Produk))
 4 SYSTEMPATH\CodeIgniter.php(354): CodeIgniter\CodeIgniter->handleRequest(null, Object(Config\Cache), false)
 5 SYSTEMPATH\Boot.php(334): CodeIgniter\CodeIgniter->run()
 6 SYSTEMPATH\Boot.php(67): CodeIgniter\Boot::runCodeIgniter(Object(CodeIgniter\CodeIgniter))
 7 FCPATH\index.php(56): CodeIgniter\Boot::bootWeb(Object(Config\Paths))
